{
"/usr/src/app/src/shared/polyfills.js":{"path":"/usr/src/app/src/shared/polyfills.js","s":{"1":1,"2":1,"3":1,"4":1,"5":1,"6":1,"7":1,"8":1,"9":1,"10":1,"11":1,"12":1,"13":1,"14":1,"15":1,"16":1,"17":1,"18":1},"b":{"1":[1,0]},"f":{},"fnMap":{},"statementMap":{"1":{"start":{"line":4,"column":0},"end":{"line":4,"column":0}},"2":{"start":{"line":5,"column":0},"end":{"line":5,"column":0}},"3":{"start":{"line":6,"column":0},"end":{"line":6,"column":0}},"4":{"start":{"line":7,"column":0},"end":{"line":7,"column":0}},"5":{"start":{"line":8,"column":0},"end":{"line":8,"column":0}},"6":{"start":{"line":9,"column":0},"end":{"line":9,"column":0}},"7":{"start":{"line":10,"column":0},"end":{"line":10,"column":0}},"8":{"start":{"line":11,"column":0},"end":{"line":11,"column":0}},"9":{"start":{"line":12,"column":0},"end":{"line":12,"column":0}},"10":{"start":{"line":13,"column":0},"end":{"line":13,"column":0}},"11":{"start":{"line":14,"column":0},"end":{"line":14,"column":0}},"12":{"start":{"line":17,"column":0},"end":{"line":17,"column":0}},"13":{"start":{"line":18,"column":0},"end":{"line":18,"column":0}},"14":{"start":{"line":22,"column":0},"end":{"line":32,"column":1}},"15":{"start":{"line":23,"column":2},"end":{"line":23,"column":2}},"16":{"start":{"line":27,"column":2},"end":{"line":29,"column":3}},"17":{"start":{"line":28,"column":4},"end":{"line":28,"column":4}},"18":{"start":{"line":31,"column":2},"end":{"line":31,"column":2}}},"branchMap":{"1":{"line":28,"type":"if","locations":[{"start":{"line":27,"column":2},"end":{"line":27,"column":2}},{"start":{"line":27,"column":2},"end":{"line":27,"column":2}}]}},"l":{"4":1,"5":1,"6":1,"7":1,"8":1,"9":1,"10":1,"11":1,"12":1,"13":1,"14":1,"17":1,"18":1,"22":1,"23":1,"27":1,"28":1,"31":1}},
"/usr/src/app/src/annotator/plugin.coffee":{"path":"/usr/src/app/src/annotator/plugin.coffee","s":{"1":22,"2":22,"3":66,"4":66,"5":1,"6":22,"7":22,"8":22,"9":22,"10":22,"11":22,"12":22,"13":22,"14":1,"15":58,"16":22,"17":22},"b":{"1":[66,0]},"f":{"1":22,"2":22,"3":22,"4":58,"5":0},"fnMap":{"1":{"name":"extend","line":5,"loc":{"start":{"line":1,"column":-15},"end":{"line":1,"column":-15}}},"2":{"name":"ctor","line":8,"loc":{"start":{"line":0,"column":0},"end":{"line":0,"column":0},"skip":true},"skip":true},"3":{"name":"(anonymous_3)","line":16,"loc":{"start":{"line":3,"column":23},"end":{"line":3,"column":23}}},"4":{"name":"Plugin","line":19,"loc":{"start":{"line":4,"column":15},"end":{"line":4,"column":15}}},"5":{"name":"(anonymous_5)","line":23,"loc":{"start":{"line":7,"column":14},"end":{"line":7,"column":14}}}},"statementMap":{"1":{"start":{"line":0,"column":0},"end":{"line":0,"column":0},"skip":true},"2":{"start":{"line":0,"column":0},"end":{"line":0,"column":0},"skip":true},"3":{"start":{"line":0,"column":0},"end":{"line":0,"column":0},"skip":true},"4":{"start":{"line":0,"column":0},"end":{"line":0,"column":0},"skip":true},"5":{"start":{"line":0,"column":0},"end":{"line":0,"column":0},"skip":true},"6":{"start":{"line":0,"column":0},"end":{"line":0,"column":0},"skip":true},"7":{"start":{"line":0,"column":0},"end":{"line":0,"column":0},"skip":true},"8":{"start":{"line":0,"column":0},"end":{"line":0,"column":0},"skip":true},"9":{"start":{"line":0,"column":0},"end":{"line":0,"column":0},"skip":true},"10":{"start":{"line":0,"column":0},"end":{"line":0,"column":0},"skip":true},"11":{"start":{"line":1,"column":-15},"end":{"line":1,"column":-3}},"12":{"start":{"line":3,"column":0},"end":{"line":3,"column":38}},"13":{"start":{"line":0,"column":0},"end":{"line":0,"column":0},"skip":true},"14":{"start":{"line":0,"column":0},"end":{"line":0,"column":0},"skip":true},"15":{"start":{"line":5,"column":4},"end":{"line":4,"column":15}},"16":{"start":{"line":0,"column":0},"end":{"line":0,"column":0},"skip":true},"17":{"start":{"line":0,"column":0},"end":{"line":0,"column":0},"skip":true}},"branchMap":{"1":{"line":7,"type":"if","locations":[{"start":{"line":0,"column":0},"end":{"line":0,"column":0},"skip":true},{"start":{"line":0,"column":0},"end":{"line":0,"column":0},"skip":true}]}},"l":{"0":66,"1":22,"3":22,"5":58}},
"/usr/src/app/src/annotator/delegator.coffee":{"path":"/usr/src/app/src/annotator/delegator.coffee","s":{"1":22,"2":22,"3":22,"4":22,"5":22,"6":22,"7":1,"8":107,"9":107,"10":107,"11":107,"12":107,"13":22,"14":12,"15":22,"16":107,"17":107,"18":107,"19":107,"20":282,"21":282,"22":107,"23":22,"24":12,"25":12,"26":12,"27":12,"28":6,"29":6,"30":12,"31":22,"32":282,"33":282,"34":282,"35":5,"36":282,"37":86,"38":196,"39":282,"40":282,"41":22,"42":6,"43":6,"44":6,"45":2,"46":4,"47":6,"48":6,"49":22,"50":15,"51":15,"52":22,"53":189,"54":189,"55":13,"56":189,"57":189,"58":189,"59":22,"60":2,"61":2,"62":22,"63":22,"64":119,"65":119,"66":119,"67":288,"68":288,"69":288,"70":119,"71":22,"72":22,"73":22,"74":22,"75":22,"76":22,"77":22,"78":242,"79":0,"80":242,"81":242,"82":22,"83":22,"84":22,"85":138,"86":138},"b":{"1":[86,196],"2":[282,135],"3":[2,4],"4":[6,3],"5":[150,138],"6":[0,242]},"f":{"1":22,"2":107,"3":12,"4":107,"5":12,"6":282,"7":282,"8":5,"9":6,"10":15,"11":189,"12":13,"13":2,"14":119,"15":22,"16":22,"17":138},"fnMap":{"1":{"name":"(anonymous_1)","line":22,"loc":{"start":{"line":18,"column":23},"end":{"line":18,"column":23}}},"2":{"name":"Delegator","line":29,"loc":{"start":{"line":43,"column":15},"end":{"line":43,"column":15}}},"3":{"name":"(anonymous_3)","line":37,"loc":{"start":{"line":57,"column":11},"end":{"line":57,"column":11}}},"4":{"name":"(anonymous_4)","line":41,"loc":{"start":{"line":85,"column":13},"end":{"line":86,"column":4}}},"5":{"name":"(anonymous_5)","line":52,"loc":{"start":{"line":96,"column":16},"end":{"line":97,"column":4}}},"6":{"name":"(anonymous_6)","line":63,"loc":{"start":{"line":121,"column":13},"end":{"line":122,"column":4}}},"7":{"name":"(anonymous_7)","line":65,"loc":{"start":{"line":122,"column":14},"end":{"line":122,"column":14}}},"8":{"name":"(anonymous_8)","line":66,"loc":{"start":{"line":122,"column":14},"end":{"line":122,"column":14}}},"9":{"name":"(anonymous_9)","line":79,"loc":{"start":{"line":145,"column":16},"end":{"line":146,"column":4}}},"10":{"name":"(anonymous_10)","line":91,"loc":{"start":{"line":174,"column":11},"end":{"line":174,"column":11}}},"11":{"name":"(anonymous_11)","line":96,"loc":{"start":{"line":193,"column":13},"end":{"line":194,"column":4}}},"12":{"name":"closure","line":98,"loc":{"start":{"line":194,"column":14},"end":{"line":194,"column":14}}},"13":{"name":"(anonymous_13)","line":106,"loc":{"start":{"line":221,"column":15},"end":{"line":221,"column":15}}},"14":{"name":"(anonymous_14)","line":114,"loc":{"start":{"line":228,"column":25},"end":{"line":229,"column":2}}},"15":{"name":"(anonymous_15)","line":129,"loc":{"start":{"line":242,"column":23},"end":{"line":243,"column":2}}},"16":{"name":"(anonymous_16)","line":131,"loc":{"start":{"line":243,"column":2},"end":{"line":243,"column":2}}},"17":{"name":"(anonymous_17)","line":145,"loc":{"start":{"line":263,"column":27},"end":{"line":263,"column":27}}}},"statementMap":{"1":{"start":{"line":0,"column":0},"end":{"line":0,"column":0},"skip":true},"2":{"start":{"line":1,"column":-15},"end":{"line":1,"column":-11}},"3":{"start":{"line":0,"column":0},"end":{"line":0,"column":0},"skip":true},"4":{"start":{"line":0,"column":0},"end":{"line":0,"column":0},"skip":true},"5":{"start":{"line":0,"column":0},"end":{"line":0,"column":0},"skip":true},"6":{"start":{"line":0,"column":0},"end":{"line":0,"column":0},"skip":true},"7":{"start":{"line":0,"column":0},"end":{"line":0,"column":0},"skip":true},"8":{"start":{"line":44,"column":4},"end":{"line":44,"column":15}},"9":{"start":{"line":45,"column":4},"end":{"line":45,"column":15}},"10":{"start":{"line":49,"column":4},"end":{"line":49,"column":17}},"11":{"start":{"line":51,"column":4},"end":{"line":51,"column":19}},"12":{"start":{"line":52,"column":4},"end":{"line":43,"column":15}},"13":{"start":{"line":0,"column":0},"end":{"line":0,"column":0},"skip":true},"14":{"start":{"line":0,"column":0},"end":{"line":0,"column":0},"skip":true},"15":{"start":{"line":0,"column":0},"end":{"line":0,"column":0},"skip":true},"16":{"start":{"line":0,"column":0},"end":{"line":0,"column":0},"skip":true},"17":{"start":{"line":0,"column":0},"end":{"line":0,"column":0},"skip":true},"18":{"start":{"line":0,"column":0},"end":{"line":0,"column":0},"skip":true},"19":{"start":{"line":0,"column":0},"end":{"line":0,"column":0},"skip":true},"20":{"start":{"line":0,"column":0},"end":{"line":0,"column":0},"skip":true},"21":{"start":{"line":0,"column":0},"end":{"line":0,"column":0},"skip":true},"22":{"start":{"line":0,"column":0},"end":{"line":0,"column":0},"skip":true},"23":{"start":{"line":0,"column":0},"end":{"line":0,"column":0},"skip":true},"24":{"start":{"line":0,"column":0},"end":{"line":0,"column":0},"skip":true},"25":{"start":{"line":0,"column":0},"end":{"line":0,"column":0},"skip":true},"26":{"start":{"line":0,"column":0},"end":{"line":0,"column":0},"skip":true},"27":{"start":{"line":0,"column":0},"end":{"line":0,"column":0},"skip":true},"28":{"start":{"line":0,"column":0},"end":{"line":0,"column":0},"skip":true},"29":{"start":{"line":0,"column":0},"end":{"line":0,"column":0},"skip":true},"30":{"start":{"line":0,"column":0},"end":{"line":0,"column":0},"skip":true},"31":{"start":{"line":0,"column":0},"end":{"line":0,"column":0},"skip":true},"32":{"start":{"line":0,"column":0},"end":{"line":0,"column":0},"skip":true},"33":{"start":{"line":122,"column":4},"end":{"line":122,"column":14}},"34":{"start":{"line":0,"column":0},"end":{"line":0,"column":0},"skip":true},"35":{"start":{"line":0,"column":0},"end":{"line":0,"column":0},"skip":true},"36":{"start":{"line":0,"column":0},"end":{"line":0,"column":0},"skip":true},"37":{"start":{"line":125,"column":6},"end":{"line":124,"column":4}},"38":{"start":{"line":127,"column":6},"end":{"line":124,"column":4}},"39":{"start":{"line":129,"column":4},"end":{"line":129,"column":57}},"40":{"start":{"line":0,"column":0},"end":{"line":0,"column":0},"skip":true},"41":{"start":{"line":0,"column":0},"end":{"line":0,"column":0},"skip":true},"42":{"start":{"line":0,"column":0},"end":{"line":0,"column":0},"skip":true},"43":{"start":{"line":146,"column":4},"end":{"line":146,"column":25}},"44":{"start":{"line":0,"column":0},"end":{"line":0,"column":0},"skip":true},"45":{"start":{"line":149,"column":6},"end":{"line":148,"column":4}},"46":{"start":{"line":151,"column":6},"end":{"line":148,"column":4}},"47":{"start":{"line":153,"column":4},"end":{"line":153,"column":22}},"48":{"start":{"line":0,"column":0},"end":{"line":0,"column":0},"skip":true},"49":{"start":{"line":0,"column":0},"end":{"line":0,"column":0},"skip":true},"50":{"start":{"line":175,"column":4},"end":{"line":175,"column":4}},"51":{"start":{"line":0,"column":0},"end":{"line":0,"column":0},"skip":true},"52":{"start":{"line":0,"column":0},"end":{"line":0,"column":0},"skip":true},"53":{"start":{"line":0,"column":0},"end":{"line":0,"column":0},"skip":true},"54":{"start":{"line":0,"column":0},"end":{"line":0,"column":0},"skip":true},"55":{"start":{"line":0,"column":0},"end":{"line":0,"column":0},"skip":true},"56":{"start":{"line":198,"column":4},"end":{"line":198,"column":35}},"57":{"start":{"line":200,"column":4},"end":{"line":200,"column":4}},"58":{"start":{"line":0,"column":0},"end":{"line":0,"column":0},"skip":true},"59":{"start":{"line":0,"column":0},"end":{"line":0,"column":0},"skip":true},"60":{"start":{"line":222,"column":4},"end":{"line":222,"column":4}},"61":{"start":{"line":0,"column":0},"end":{"line":0,"column":0},"skip":true},"62":{"start":{"line":0,"column":0},"end":{"line":0,"column":0},"skip":true},"63":{"start":{"line":0,"column":0},"end":{"line":0,"column":0},"skip":true},"64":{"start":{"line":0,"column":0},"end":{"line":0,"column":0},"skip":true},"65":{"start":{"line":229,"column":2},"end":{"line":229,"column":11}},"66":{"start":{"line":0,"column":0},"end":{"line":0,"column":0},"skip":true},"67":{"start":{"line":0,"column":0},"end":{"line":0,"column":0},"skip":true},"68":{"start":{"line":231,"column":4},"end":{"line":231,"column":18}},"69":{"start":{"line":232,"column":4},"end":{"line":232,"column":16}},"70":{"start":{"line":0,"column":0},"end":{"line":0,"column":0},"skip":true},"71":{"start":{"line":242,"column":0},"end":{"line":242,"column":23}},"72":{"start":{"line":0,"column":0},"end":{"line":0,"column":0},"skip":true},"73":{"start":{"line":0,"column":0},"end":{"line":0,"column":0},"skip":true},"74":{"start":{"line":0,"column":0},"end":{"line":0,"column":0},"skip":true},"75":{"start":{"line":0,"column":0},"end":{"line":0,"column":0},"skip":true},"76":{"start":{"line":0,"column":0},"end":{"line":0,"column":0},"skip":true},"77":{"start":{"line":0,"column":0},"end":{"line":0,"column":0},"skip":true},"78":{"start":{"line":0,"column":0},"end":{"line":0,"column":0},"skip":true},"79":{"start":{"line":0,"column":0},"end":{"line":0,"column":0},"skip":true},"80":{"start":{"line":0,"column":0},"end":{"line":0,"column":0},"skip":true},"81":{"start":{"line":0,"column":0},"end":{"line":0,"column":0},"skip":true},"82":{"start":{"line":0,"column":0},"end":{"line":0,"column":0},"skip":true},"83":{"start":{"line":0,"column":0},"end":{"line":0,"column":0},"skip":true},"84":{"start":{"line":0,"column":0},"end":{"line":0,"column":0},"skip":true},"85":{"start":{"line":264,"column":3},"end":{"line":264,"column":12}},"86":{"start":{"line":0,"column":0},"end":{"line":0,"column":0},"skip":true}},"branchMap":{"1":{"line":70,"type":"if","locations":[{"start":{"line":124,"column":4},"end":{"line":124,"column":4}},{"start":{"line":124,"column":4},"end":{"line":124,"column":4}}]},"2":{"line":70,"type":"binary-expr","locations":[{"start":{"line":124,"column":7},"end":{"line":124,"column":7}},{"start":{"line":124,"column":26},"end":{"line":124,"column":4}}]},"3":{"line":82,"type":"if","locations":[{"start":{"line":148,"column":4},"end":{"line":148,"column":4}},{"start":{"line":148,"column":4},"end":{"line":148,"column":4}}]},"4":{"line":82,"type":"binary-expr","locations":[{"start":{"line":148,"column":7},"end":{"line":148,"column":7}},{"start":{"line":148,"column":26},"end":{"line":148,"column":4}}]},"5":{"line":119,"type":"cond-expr","locations":[{"start":{"line":231,"column":5},"end":{"line":231,"column":5}},{"start":{"line":231,"column":5},"end":{"line":231,"column":4}}]},"6":{"line":136,"type":"if","locations":[{"start":{"line":0,"column":0},"end":{"line":0,"column":0},"skip":true},{"start":{"line":0,"column":0},"end":{"line":0,"column":0},"skip":true}]}},"l":{"0":288,"1":22,"44":107,"45":107,"49":107,"51":107,"52":107,"122":282,"125":86,"127":196,"129":282,"146":6,"149":2,"151":4,"153":6,"175":15,"198":189,"200":189,"222":2,"229":119,"231":288,"232":288,"242":22,"264":138}},
"/usr/src/app/src/annotator/plugin/document.coffee":{"path":"/usr/src/app/src/annotator/plugin/document.coffee","s":{"1":1,"2":462,"3":538,"4":1,"5":4,"6":4,"7":1,"8":1,"9":1,"10":1,"11":1,"12":1,"13":0,"14":0,"15":0,"16":0,"17":1,"18":1,"19":1,"20":1,"21":1,"22":1,"23":33,"24":33,"25":33,"26":33,"27":33,"28":33,"29":33,"30":33,"31":33,"32":33,"33":33,"34":33,"35":33,"36":33,"37":33,"38":1,"39":1,"40":33,"41":33,"42":33,"43":1,"44":9,"45":9,"46":9,"47":9,"48":83,"49":83,"50":2,"51":9,"52":1,"53":1,"54":1,"55":1,"56":1,"57":10,"58":10,"59":10,"60":1,"61":1,"62":1,"63":1,"64":8,"65":1,"66":1,"67":0,"68":1,"69":33,"70":33,"71":33,"72":33,"73":33,"74":33,"75":33,"76":33,"77":33,"78":33,"79":33,"80":1,"81":33,"82":1,"83":33,"84":1,"85":33,"86":1,"87":33,"88":1,"89":33,"90":1,"91":33,"92":1,"93":198,"94":198,"95":198,"96":198,"97":2574,"98":2574,"99":2574,"100":2574,"101":1848,"102":1848,"103":363,"104":363,"105":33,"106":330,"107":198,"108":1,"109":33,"110":33,"111":0,"112":0,"113":0,"114":0,"115":0,"116":0,"117":0,"118":0,"119":0,"120":0,"121":0,"122":1,"123":33,"124":33,"125":33,"126":33,"127":283,"128":283,"129":283,"130":283,"131":283,"132":283,"133":283,"134":66,"135":217,"136":132,"137":33,"138":99,"139":33,"140":151,"141":33,"142":33,"143":99,"144":99,"145":33,"146":33,"147":33,"148":99,"149":33,"150":33,"151":33,"152":33,"153":33,"154":33,"155":33,"156":99,"157":99,"158":33,"159":66,"160":66,"161":33,"162":33,"163":33,"164":33,"165":33,"166":33,"167":33,"168":33,"169":33,"170":1,"171":33,"172":33,"173":33,"174":33,"175":283,"176":283,"177":33,"178":250,"179":33,"180":1,"181":353,"182":353,"183":353,"184":353,"185":1,"186":42,"187":42,"188":42,"189":42,"190":36,"191":6,"192":2,"193":4,"194":1},"b":{"1":[4,0],"2":[1,0],"3":[0,0],"4":[0,0],"5":[33,27],"6":[33,25],"7":[2,81],"8":[10,0],"9":[1848,726],"10":[363,1485],"11":[33,330],"12":[33,0],"13":[0,0],"14":[0,0],"15":[0,0],"16":[0,0],"17":[0,0],"18":[66,217],"19":[283,151,132,99],"20":[132,85],"21":[33,99],"22":[132,132],"23":[33,66],"24":[33,66],"25":[33,66],"26":[33,0],"27":[33,66],"28":[33,33],"29":[33,0],"30":[33,33],"31":[33,250],"32":[283,283],"33":[36,6],"34":[2,4],"35":[6,6]},"f":{"1":462,"2":538,"3":1,"4":1,"5":0,"6":1,"7":33,"8":33,"9":9,"10":1,"11":1,"12":0,"13":33,"14":33,"15":33,"16":33,"17":33,"18":33,"19":33,"20":198,"21":33,"22":33,"23":33,"24":353,"25":42},"fnMap":{"1":{"name":"bind","line":7,"loc":{"start":{"line":1,"column":-15},"end":{"line":1,"column":-15}}},"2":{"name":"(anonymous_2)","line":8,"loc":{"start":{"line":0,"column":0},"end":{"line":0,"column":0},"skip":true},"skip":true},"3":{"name":"extend","line":12,"loc":{"start":{"line":0,"column":0},"end":{"line":0,"column":0},"skip":true},"skip":true},"4":{"name":"ctor","line":15,"loc":{"start":{"line":0,"column":0},"end":{"line":0,"column":0},"skip":true},"skip":true},"5":{"name":"(anonymous_5)","line":20,"loc":{"start":{"line":0,"column":0},"end":{"line":0,"column":0},"skip":true},"skip":true},"6":{"name":"(anonymous_6)","line":44,"loc":{"start":{"line":18,"column":23},"end":{"line":18,"column":23}}},"7":{"name":"Document","line":47,"loc":{"start":{"line":0,"column":0},"end":{"line":0,"column":0},"skip":true},"skip":true},"8":{"name":"(anonymous_8)","line":69,"loc":{"start":{"line":23,"column":14},"end":{"line":23,"column":14}}},"9":{"name":"(anonymous_9)","line":75,"loc":{"start":{"line":32,"column":7},"end":{"line":33,"column":4}}},"10":{"name":"(anonymous_10)","line":88,"loc":{"start":{"line":41,"column":8},"end":{"line":42,"column":4}}},"11":{"name":"(anonymous_11)","line":98,"loc":{"start":{"line":0,"column":0},"end":{"line":0,"column":0},"skip":true},"skip":true},"12":{"name":"(anonymous_12)","line":108,"loc":{"start":{"line":47,"column":27},"end":{"line":47,"column":27}}},"13":{"name":"(anonymous_13)","line":112,"loc":{"start":{"line":50,"column":23},"end":{"line":50,"column":23}}},"14":{"name":"(anonymous_14)","line":126,"loc":{"start":{"line":69,"column":16},"end":{"line":70,"column":4}}},"15":{"name":"(anonymous_15)","line":130,"loc":{"start":{"line":72,"column":16},"end":{"line":73,"column":4}}},"16":{"name":"(anonymous_16)","line":134,"loc":{"start":{"line":75,"column":15},"end":{"line":76,"column":4}}},"17":{"name":"(anonymous_17)","line":138,"loc":{"start":{"line":78,"column":18},"end":{"line":79,"column":4}}},"18":{"name":"(anonymous_18)","line":142,"loc":{"start":{"line":81,"column":13},"end":{"line":82,"column":4}}},"19":{"name":"(anonymous_19)","line":146,"loc":{"start":{"line":84,"column":15},"end":{"line":85,"column":4}}},"20":{"name":"(anonymous_20)","line":150,"loc":{"start":{"line":87,"column":16},"end":{"line":88,"column":4}}},"21":{"name":"(anonymous_21)","line":173,"loc":{"start":{"line":102,"column":13},"end":{"line":102,"column":13}}},"22":{"name":"(anonymous_22)","line":191,"loc":{"start":{"line":118,"column":13},"end":{"line":120,"column":4}}},"23":{"name":"(anonymous_23)","line":272,"loc":{"start":{"line":181,"column":15},"end":{"line":182,"column":4}}},"24":{"name":"(anonymous_24)","line":287,"loc":{"start":{"line":187,"column":16},"end":{"line":188,"column":4}}},"25":{"name":"(anonymous_25)","line":294,"loc":{"start":{"line":195,"column":20},"end":{"line":196,"column":4}}}},"statementMap":{"1":{"start":{"line":0,"column":0},"end":{"line":0,"column":0},"skip":true},"2":{"start":{"line":0,"column":0},"end":{"line":0,"column":0},"skip":true},"3":{"start":{"line":0,"column":0},"end":{"line":0,"column":0},"skip":true},"4":{"start":{"line":0,"column":0},"end":{"line":0,"column":0},"skip":true},"5":{"start":{"line":0,"column":0},"end":{"line":0,"column":0},"skip":true},"6":{"start":{"line":0,"column":0},"end":{"line":0,"column":0},"skip":true},"7":{"start":{"line":0,"column":0},"end":{"line":0,"column":0},"skip":true},"8":{"start":{"line":0,"column":0},"end":{"line":0,"column":0},"skip":true},"9":{"start":{"line":0,"column":0},"end":{"line":0,"column":0},"skip":true},"10":{"start":{"line":0,"column":0},"end":{"line":0,"column":0},"skip":true},"11":{"start":{"line":0,"column":0},"end":{"line":0,"column":0},"skip":true},"12":{"start":{"line":0,"column":0},"end":{"line":0,"column":0},"skip":true},"13":{"start":{"line":0,"column":0},"end":{"line":0,"column":0},"skip":true},"14":{"start":{"line":0,"column":0},"end":{"line":0,"column":0},"skip":true},"15":{"start":{"line":0,"column":0},"end":{"line":0,"column":0},"skip":true},"16":{"start":{"line":0,"column":0},"end":{"line":0,"column":0},"skip":true},"17":{"start":{"line":1,"column":-15},"end":{"line":1,"column":-11}},"18":{"start":{"line":2,"column":0},"end":{"line":2,"column":9}},"19":{"start":{"line":4,"column":0},"end":{"line":4,"column":10}},"20":{"start":{"line":18,"column":0},"end":{"line":18,"column":40}},"21":{"start":{"line":0,"column":0},"end":{"line":0,"column":0},"skip":true},"22":{"start":{"line":0,"column":0},"end":{"line":0,"column":0},"skip":true},"23":{"start":{"line":0,"column":0},"end":{"line":0,"column":0},"skip":true},"24":{"start":{"line":0,"column":0},"end":{"line":0,"column":0},"skip":true},"25":{"start":{"line":0,"column":0},"end":{"line":0,"column":0},"skip":true},"26":{"start":{"line":0,"column":0},"end":{"line":0,"column":0},"skip":true},"27":{"start":{"line":0,"column":0},"end":{"line":0,"column":0},"skip":true},"28":{"start":{"line":0,"column":0},"end":{"line":0,"column":0},"skip":true},"29":{"start":{"line":0,"column":0},"end":{"line":0,"column":0},"skip":true},"30":{"start":{"line":0,"column":0},"end":{"line":0,"column":0},"skip":true},"31":{"start":{"line":0,"column":0},"end":{"line":0,"column":0},"skip":true},"32":{"start":{"line":0,"column":0},"end":{"line":0,"column":0},"skip":true},"33":{"start":{"line":0,"column":0},"end":{"line":0,"column":0},"skip":true},"34":{"start":{"line":0,"column":0},"end":{"line":0,"column":0},"skip":true},"35":{"start":{"line":0,"column":0},"end":{"line":0,"column":0},"skip":true},"36":{"start":{"line":0,"column":0},"end":{"line":0,"column":0},"skip":true},"37":{"start":{"line":0,"column":0},"end":{"line":0,"column":0},"skip":true},"38":{"start":{"line":0,"column":0},"end":{"line":0,"column":0},"skip":true},"39":{"start":{"line":0,"column":0},"end":{"line":0,"column":0},"skip":true},"40":{"start":{"line":25,"column":4},"end":{"line":25,"column":35}},"41":{"start":{"line":26,"column":4},"end":{"line":26,"column":37}},"42":{"start":{"line":0,"column":0},"end":{"line":0,"column":0},"skip":true},"43":{"start":{"line":0,"column":0},"end":{"line":0,"column":0},"skip":true},"44":{"start":{"line":0,"column":0},"end":{"line":0,"column":0},"skip":true},"45":{"start":{"line":33,"column":4},"end":{"line":33,"column":10}},"46":{"start":{"line":0,"column":0},"end":{"line":0,"column":0},"skip":true},"47":{"start":{"line":0,"column":0},"end":{"line":0,"column":0},"skip":true},"48":{"start":{"line":0,"column":0},"end":{"line":0,"column":0},"skip":true},"49":{"start":{"line":35,"column":6},"end":{"line":34,"column":4}},"50":{"start":{"line":36,"column":8},"end":{"line":35,"column":6}},"51":{"start":{"line":0,"column":0},"end":{"line":0,"column":0},"skip":true},"52":{"start":{"line":0,"column":0},"end":{"line":0,"column":0},"skip":true},"53":{"start":{"line":0,"column":0},"end":{"line":0,"column":0},"skip":true},"54":{"start":{"line":42,"column":4},"end":{"line":42,"column":17}},"55":{"start":{"line":0,"column":0},"end":{"line":0,"column":0},"skip":true},"56":{"start":{"line":0,"column":0},"end":{"line":0,"column":0},"skip":true},"57":{"start":{"line":0,"column":0},"end":{"line":0,"column":0},"skip":true},"58":{"start":{"line":44,"column":6},"end":{"line":43,"column":4}},"59":{"start":{"line":44,"column":6},"end":{"line":44,"column":6}},"60":{"start":{"line":0,"column":0},"end":{"line":0,"column":0},"skip":true},"61":{"start":{"line":0,"column":0},"end":{"line":0,"column":0},"skip":true},"62":{"start":{"line":0,"column":0},"end":{"line":0,"column":0},"skip":true},"63":{"start":{"line":0,"column":0},"end":{"line":0,"column":0},"skip":true},"64":{"start":{"line":0,"column":0},"end":{"line":0,"column":0},"skip":true},"65":{"start":{"line":0,"column":0},"end":{"line":0,"column":0},"skip":true},"66":{"start":{"line":0,"column":0},"end":{"line":0,"column":0},"skip":true},"67":{"start":{"line":0,"column":0},"end":{"line":0,"column":0},"skip":true},"68":{"start":{"line":0,"column":0},"end":{"line":0,"column":0},"skip":true},"69":{"start":{"line":51,"column":4},"end":{"line":51,"column":16}},"70":{"start":{"line":55,"column":4},"end":{"line":55,"column":4}},"71":{"start":{"line":56,"column":4},"end":{"line":56,"column":4}},"72":{"start":{"line":57,"column":4},"end":{"line":57,"column":4}},"73":{"start":{"line":58,"column":4},"end":{"line":58,"column":4}},"74":{"start":{"line":59,"column":4},"end":{"line":59,"column":4}},"75":{"start":{"line":60,"column":4},"end":{"line":60,"column":4}},"76":{"start":{"line":61,"column":4},"end":{"line":61,"column":4}},"77":{"start":{"line":64,"column":4},"end":{"line":64,"column":4}},"78":{"start":{"line":65,"column":4},"end":{"line":65,"column":4}},"79":{"start":{"line":0,"column":0},"end":{"line":0,"column":0},"skip":true},"80":{"start":{"line":0,"column":0},"end":{"line":0,"column":0},"skip":true},"81":{"start":{"line":0,"column":0},"end":{"line":0,"column":0},"skip":true},"82":{"start":{"line":0,"column":0},"end":{"line":0,"column":0},"skip":true},"83":{"start":{"line":0,"column":0},"end":{"line":0,"column":0},"skip":true},"84":{"start":{"line":0,"column":0},"end":{"line":0,"column":0},"skip":true},"85":{"start":{"line":0,"column":0},"end":{"line":0,"column":0},"skip":true},"86":{"start":{"line":0,"column":0},"end":{"line":0,"column":0},"skip":true},"87":{"start":{"line":0,"column":0},"end":{"line":0,"column":0},"skip":true},"88":{"start":{"line":0,"column":0},"end":{"line":0,"column":0},"skip":true},"89":{"start":{"line":0,"column":0},"end":{"line":0,"column":0},"skip":true},"90":{"start":{"line":0,"column":0},"end":{"line":0,"column":0},"skip":true},"91":{"start":{"line":0,"column":0},"end":{"line":0,"column":0},"skip":true},"92":{"start":{"line":0,"column":0},"end":{"line":0,"column":0},"skip":true},"93":{"start":{"line":0,"column":0},"end":{"line":0,"column":0},"skip":true},"94":{"start":{"line":88,"column":4},"end":{"line":88,"column":11}},"95":{"start":{"line":0,"column":0},"end":{"line":0,"column":0},"skip":true},"96":{"start":{"line":0,"column":0},"end":{"line":0,"column":0},"skip":true},"97":{"start":{"line":0,"column":0},"end":{"line":0,"column":0},"skip":true},"98":{"start":{"line":90,"column":6},"end":{"line":90,"column":13}},"99":{"start":{"line":91,"column":6},"end":{"line":91,"column":16}},"100":{"start":{"line":92,"column":6},"end":{"line":89,"column":4}},"101":{"start":{"line":93,"column":8},"end":{"line":93,"column":16}},"102":{"start":{"line":94,"column":8},"end":{"line":92,"column":6}},"103":{"start":{"line":95,"column":10},"end":{"line":95,"column":20}},"104":{"start":{"line":96,"column":10},"end":{"line":94,"column":8}},"105":{"start":{"line":97,"column":12},"end":{"line":96,"column":10}},"106":{"start":{"line":99,"column":12},"end":{"line":96,"column":10}},"107":{"start":{"line":0,"column":0},"end":{"line":0,"column":0},"skip":true},"108":{"start":{"line":0,"column":0},"end":{"line":0,"column":0},"skip":true},"109":{"start":{"line":103,"column":4},"end":{"line":102,"column":13}},"110":{"start":{"line":0,"column":0},"end":{"line":0,"column":0},"skip":true},"111":{"start":{"line":103,"column":4},"end":{"line":102,"column":13}},"112":{"start":{"line":0,"column":0},"end":{"line":0,"column":0},"skip":true},"113":{"start":{"line":105,"column":9},"end":{"line":102,"column":13}},"114":{"start":{"line":0,"column":0},"end":{"line":0,"column":0},"skip":true},"115":{"start":{"line":107,"column":9},"end":{"line":102,"column":13}},"116":{"start":{"line":0,"column":0},"end":{"line":0,"column":0},"skip":true},"117":{"start":{"line":109,"column":9},"end":{"line":102,"column":13}},"118":{"start":{"line":0,"column":0},"end":{"line":0,"column":0},"skip":true},"119":{"start":{"line":111,"column":9},"end":{"line":102,"column":13}},"120":{"start":{"line":0,"column":0},"end":{"line":0,"column":0},"skip":true},"121":{"start":{"line":0,"column":0},"end":{"line":0,"column":0},"skip":true},"122":{"start":{"line":0,"column":0},"end":{"line":0,"column":0},"skip":true},"123":{"start":{"line":0,"column":0},"end":{"line":0,"column":0},"skip":true},"124":{"start":{"line":120,"column":4},"end":{"line":120,"column":21}},"125":{"start":{"line":0,"column":0},"end":{"line":0,"column":0},"skip":true},"126":{"start":{"line":0,"column":0},"end":{"line":0,"column":0},"skip":true},"127":{"start":{"line":0,"column":0},"end":{"line":0,"column":0},"skip":true},"128":{"start":{"line":124,"column":6},"end":{"line":124,"column":10}},"129":{"start":{"line":125,"column":6},"end":{"line":125,"column":13}},"130":{"start":{"line":126,"column":6},"end":{"line":126,"column":12}},"131":{"start":{"line":127,"column":6},"end":{"line":127,"column":13}},"132":{"start":{"line":128,"column":6},"end":{"line":128,"column":13}},"133":{"start":{"line":0,"column":0},"end":{"line":0,"column":0},"skip":true},"134":{"start":{"line":130,"column":6},"end":{"line":130,"column":6}},"135":{"start":{"line":0,"column":0},"end":{"line":0,"column":0},"skip":true},"136":{"start":{"line":0,"column":0},"end":{"line":0,"column":0},"skip":true},"137":{"start":{"line":134,"column":8},"end":{"line":134,"column":8}},"138":{"start":{"line":136,"column":8},"end":{"line":132,"column":6}},"139":{"start":{"line":136,"column":8},"end":{"line":136,"column":8}},"140":{"start":{"line":138,"column":6},"end":{"line":138,"column":26}},"141":{"start":{"line":0,"column":0},"end":{"line":0,"column":0},"skip":true},"142":{"start":{"line":0,"column":0},"end":{"line":0,"column":0},"skip":true},"143":{"start":{"line":0,"column":0},"end":{"line":0,"column":0},"skip":true},"144":{"start":{"line":0,"column":0},"end":{"line":0,"column":0},"skip":true},"145":{"start":{"line":0,"column":0},"end":{"line":0,"column":0},"skip":true},"146":{"start":{"line":0,"column":0},"end":{"line":0,"column":0},"skip":true},"147":{"start":{"line":145,"column":10},"end":{"line":146,"column":12}},"148":{"start":{"line":153,"column":6},"end":{"line":141,"column":4}},"149":{"start":{"line":0,"column":0},"end":{"line":0,"column":0},"skip":true},"150":{"start":{"line":0,"column":0},"end":{"line":0,"column":0},"skip":true},"151":{"start":{"line":0,"column":0},"end":{"line":0,"column":0},"skip":true},"152":{"start":{"line":156,"column":12},"end":{"line":155,"column":10}},"153":{"start":{"line":157,"column":10},"end":{"line":157,"column":30}},"154":{"start":{"line":0,"column":0},"end":{"line":0,"column":0},"skip":true},"155":{"start":{"line":0,"column":0},"end":{"line":0,"column":0},"skip":true},"156":{"start":{"line":0,"column":0},"end":{"line":0,"column":0},"skip":true},"157":{"start":{"line":161,"column":6},"end":{"line":160,"column":4}},"158":{"start":{"line":0,"column":0},"end":{"line":0,"column":0},"skip":true},"159":{"start":{"line":0,"column":0},"end":{"line":0,"column":0},"skip":true},"160":{"start":{"line":163,"column":10},"end":{"line":162,"column":8}},"161":{"start":{"line":164,"column":12},"end":{"line":164,"column":32}},"162":{"start":{"line":167,"column":4},"end":{"line":167,"column":36}},"163":{"start":{"line":168,"column":4},"end":{"line":168,"column":38}},"164":{"start":{"line":169,"column":4},"end":{"line":118,"column":13}},"165":{"start":{"line":170,"column":6},"end":{"line":171,"column":25}},"166":{"start":{"line":172,"column":6},"end":{"line":173,"column":27}},"167":{"start":{"line":174,"column":6},"end":{"line":176,"column":8}},"168":{"start":{"line":177,"column":6},"end":{"line":177,"column":26}},"169":{"start":{"line":0,"column":0},"end":{"line":0,"column":0},"skip":true},"170":{"start":{"line":0,"column":0},"end":{"line":0,"column":0},"skip":true},"171":{"start":{"line":0,"column":0},"end":{"line":0,"column":0},"skip":true},"172":{"start":{"line":0,"column":0},"end":{"line":0,"column":0},"skip":true},"173":{"start":{"line":0,"column":0},"end":{"line":0,"column":0},"skip":true},"174":{"start":{"line":0,"column":0},"end":{"line":0,"column":0},"skip":true},"175":{"start":{"line":0,"column":0},"end":{"line":0,"column":0},"skip":true},"176":{"start":{"line":183,"column":6},"end":{"line":182,"column":4}},"177":{"start":{"line":0,"column":0},"end":{"line":0,"column":0},"skip":true},"178":{"start":{"line":0,"column":0},"end":{"line":0,"column":0},"skip":true},"179":{"start":{"line":0,"column":0},"end":{"line":0,"column":0},"skip":true},"180":{"start":{"line":0,"column":0},"end":{"line":0,"column":0},"skip":true},"181":{"start":{"line":0,"column":0},"end":{"line":0,"column":0},"skip":true},"182":{"start":{"line":188,"column":4},"end":{"line":188,"column":8}},"183":{"start":{"line":189,"column":4},"end":{"line":189,"column":13}},"184":{"start":{"line":0,"column":0},"end":{"line":0,"column":0},"skip":true},"185":{"start":{"line":0,"column":0},"end":{"line":0,"column":0},"skip":true},"186":{"start":{"line":0,"column":0},"end":{"line":0,"column":0},"skip":true},"187":{"start":{"line":196,"column":4},"end":{"line":196,"column":30}},"188":{"start":{"line":197,"column":4},"end":{"line":197,"column":21}},"189":{"start":{"line":0,"column":0},"end":{"line":0,"column":0},"skip":true},"190":{"start":{"line":0,"column":0},"end":{"line":0,"column":0},"skip":true},"191":{"start":{"line":204,"column":4},"end":{"line":209,"column":4}},"192":{"start":{"line":0,"column":0},"end":{"line":0,"column":0},"skip":true},"193":{"start":{"line":0,"column":0},"end":{"line":0,"column":0},"skip":true},"194":{"start":{"line":0,"column":0},"end":{"line":0,"column":0},"skip":true}},"branchMap":{"1":{"line":14,"type":"if","locations":[{"start":{"line":0,"column":0},"end":{"line":0,"column":0},"skip":true},{"start":{"line":0,"column":0},"end":{"line":0,"column":0},"skip":true}]},"2":{"line":20,"type":"binary-expr","locations":[{"start":{"line":0,"column":0},"end":{"line":0,"column":0},"skip":true},{"start":{"line":0,"column":0},"end":{"line":0,"column":0},"skip":true}]},"3":{"line":22,"type":"if","locations":[{"start":{"line":0,"column":0},"end":{"line":0,"column":0},"skip":true},{"start":{"line":0,"column":0},"end":{"line":0,"column":0},"skip":true}]},"4":{"line":22,"type":"binary-expr","locations":[{"start":{"line":0,"column":0},"end":{"line":0,"column":0},"skip":true},{"start":{"line":0,"column":0},"end":{"line":0,"column":0},"skip":true}]},"5":{"line":70,"type":"binary-expr","locations":[{"start":{"line":25,"column":15},"end":{"line":25,"column":15}},{"start":{"line":25,"column":35},"end":{"line":25,"column":35}}]},"6":{"line":71,"type":"binary-expr","locations":[{"start":{"line":26,"column":16},"end":{"line":26,"column":16}},{"start":{"line":26,"column":37},"end":{"line":26,"column":37}}]},"7":{"line":81,"type":"if","locations":[{"start":{"line":35,"column":6},"end":{"line":35,"column":6}},{"start":{"line":35,"column":6},"end":{"line":35,"column":6}}]},"8":{"line":94,"type":"if","locations":[{"start":{"line":44,"column":6},"end":{"line":44,"column":6}},{"start":{"line":44,"column":6},"end":{"line":44,"column":6}}]},"9":{"line":158,"type":"if","locations":[{"start":{"line":92,"column":6},"end":{"line":92,"column":6}},{"start":{"line":92,"column":6},"end":{"line":92,"column":6}}]},"10":{"line":160,"type":"if","locations":[{"start":{"line":94,"column":8},"end":{"line":94,"column":8}},{"start":{"line":94,"column":8},"end":{"line":94,"column":8}}]},"11":{"line":162,"type":"if","locations":[{"start":{"line":96,"column":10},"end":{"line":96,"column":10}},{"start":{"line":96,"column":10},"end":{"line":96,"column":10}}]},"12":{"line":174,"type":"if","locations":[{"start":{"line":103,"column":4},"end":{"line":103,"column":4}},{"start":{"line":103,"column":4},"end":{"line":103,"column":4}}]},"13":{"line":176,"type":"if","locations":[{"start":{"line":103,"column":4},"end":{"line":103,"column":4}},{"start":{"line":103,"column":4},"end":{"line":103,"column":4}}]},"14":{"line":178,"type":"if","locations":[{"start":{"line":105,"column":9},"end":{"line":105,"column":9}},{"start":{"line":105,"column":9},"end":{"line":105,"column":9}}]},"15":{"line":180,"type":"if","locations":[{"start":{"line":107,"column":9},"end":{"line":107,"column":9}},{"start":{"line":107,"column":9},"end":{"line":107,"column":9}}]},"16":{"line":182,"type":"if","locations":[{"start":{"line":109,"column":9},"end":{"line":109,"column":9}},{"start":{"line":109,"column":9},"end":{"line":109,"column":9}}]},"17":{"line":184,"type":"if","locations":[{"start":{"line":111,"column":9},"end":{"line":111,"column":9}},{"start":{"line":111,"column":9},"end":{"line":111,"column":9}}]},"18":{"line":204,"type":"if","locations":[{"start":{"line":130,"column":6},"end":{"line":130,"column":6}},{"start":{"line":130,"column":6},"end":{"line":130,"column":6}}]},"19":{"line":204,"type":"binary-expr","locations":[{"start":{"line":130,"column":9},"end":{"line":130,"column":9}},{"start":{"line":130,"column":9},"end":{"line":130,"column":9}},{"start":{"line":130,"column":9},"end":{"line":130,"column":9}},{"start":{"line":130,"column":9},"end":{"line":130,"column":6}}]},"20":{"line":207,"type":"if","locations":[{"start":{"line":132,"column":6},"end":{"line":132,"column":6}},{"start":{"line":132,"column":6},"end":{"line":132,"column":6}}]},"21":{"line":208,"type":"if","locations":[{"start":{"line":134,"column":8},"end":{"line":134,"column":8}},{"start":{"line":134,"column":8},"end":{"line":134,"column":8}}]},"22":{"line":208,"type":"binary-expr","locations":[{"start":{"line":134,"column":11},"end":{"line":134,"column":11}},{"start":{"line":134,"column":20},"end":{"line":134,"column":8}}]},"23":{"line":211,"type":"if","locations":[{"start":{"line":136,"column":8},"end":{"line":136,"column":8}},{"start":{"line":136,"column":8},"end":{"line":136,"column":8}}]},"24":{"line":224,"type":"if","locations":[{"start":{"line":143,"column":6},"end":{"line":143,"column":6}},{"start":{"line":143,"column":6},"end":{"line":143,"column":6}}]},"25":{"line":233,"type":"if","locations":[{"start":{"line":153,"column":6},"end":{"line":153,"column":6}},{"start":{"line":153,"column":6},"end":{"line":153,"column":6}}]},"26":{"line":236,"type":"if","locations":[{"start":{"line":155,"column":10},"end":{"line":155,"column":10}},{"start":{"line":155,"column":10},"end":{"line":155,"column":10}}]},"27":{"line":248,"type":"if","locations":[{"start":{"line":161,"column":6},"end":{"line":161,"column":6}},{"start":{"line":161,"column":6},"end":{"line":161,"column":6}}]},"28":{"line":251,"type":"if","locations":[{"start":{"line":163,"column":10},"end":{"line":163,"column":10}},{"start":{"line":163,"column":10},"end":{"line":163,"column":10}}]},"29":{"line":261,"type":"if","locations":[{"start":{"line":169,"column":4},"end":{"line":169,"column":4}},{"start":{"line":169,"column":4},"end":{"line":169,"column":4}}]},"30":{"line":261,"type":"binary-expr","locations":[{"start":{"line":169,"column":7},"end":{"line":169,"column":7}},{"start":{"line":169,"column":4},"end":{"line":169,"column":4}}]},"31":{"line":278,"type":"if","locations":[{"start":{"line":183,"column":6},"end":{"line":183,"column":6}},{"start":{"line":183,"column":6},"end":{"line":183,"column":6}}]},"32":{"line":278,"type":"binary-expr","locations":[{"start":{"line":183,"column":6},"end":{"line":183,"column":9}},{"start":{"line":183,"column":9},"end":{"line":183,"column":6}}]},"33":{"line":298,"type":"if","locations":[{"start":{"line":200,"column":4},"end":{"line":200,"column":4}},{"start":{"line":200,"column":4},"end":{"line":200,"column":4}}]},"34":{"line":301,"type":"if","locations":[{"start":{"line":204,"column":4},"end":{"line":204,"column":4}},{"start":{"line":204,"column":4},"end":{"line":204,"column":4}}]},"35":{"line":301,"type":"binary-expr","locations":[{"start":{"line":204,"column":7},"end":{"line":204,"column":7}},{"start":{"line":204,"column":7},"end":{"line":204,"column":4}}]}},"l":{"0":2574,"1":1,"2":1,"4":1,"18":1,"25":33,"26":33,"33":9,"35":83,"36":2,"42":1,"44":10,"51":33,"55":33,"56":33,"57":33,"58":33,"59":33,"60":33,"61":33,"64":33,"65":33,"88":198,"90":2574,"91":2574,"92":2574,"93":1848,"94":1848,"95":363,"96":363,"97":33,"99":330,"103":33,"105":0,"107":0,"109":0,"111":0,"120":33,"124":283,"125":283,"126":283,"127":283,"128":283,"130":66,"134":33,"136":99,"138":151,"145":33,"153":99,"156":33,"157":33,"161":99,"163":66,"164":33,"167":33,"168":33,"169":33,"170":33,"172":33,"174":33,"177":33,"183":283,"188":353,"189":353,"196":42,"197":42,"204":6}},
"/usr/src/app/src/annotator/adder.js":{"path":"/usr/src/app/src/annotator/adder.js","s":{"1":49,"2":49,"3":49,"4":49,"5":49,"6":49,"7":49,"8":1,"9":0,"10":49,"11":49,"12":1,"13":2,"14":0,"15":2,"16":0,"17":2,"18":1,"19":0,"20":0,"21":0,"22":0,"23":0,"24":0,"25":1,"26":2,"27":2,"28":2,"29":0,"30":0,"31":0,"32":0,"33":0,"34":0,"35":0,"36":0,"37":0,"38":2,"39":2,"40":2,"41":1,"42":2,"43":2,"44":2,"45":2,"46":0,"47":0,"48":0,"49":0,"50":0,"51":0,"52":0,"53":0,"54":0,"55":0,"56":0,"57":1,"58":0,"59":0,"60":0,"61":0,"62":0,"63":0,"64":0,"65":1,"66":0,"67":1,"68":0,"69":0,"70":0,"71":0,"72":0,"73":0,"74":0,"75":0,"76":0,"77":0,"78":0,"79":0,"80":0,"81":0,"82":0,"83":0,"84":0,"85":0,"86":0,"87":0,"88":0,"89":0,"90":0,"91":0,"92":0,"93":0,"94":0,"95":0,"96":0,"97":0,"98":0,"99":0,"100":0,"101":0,"102":0,"103":0,"104":0,"105":0,"106":49},"b":{"1":[0,2],"2":[0,2],"3":[0,0],"4":[0,2],"5":[0,0],"6":[0,0],"7":[0,0],"8":[0,0],"9":[0,0],"10":[0,0],"11":[0,0],"12":[0,0],"13":[0,0]},"f":{"1":0,"2":2,"3":0,"4":2,"5":0,"6":0,"7":0,"8":2,"9":0,"10":0,"11":0,"12":0,"13":0,"14":0,"15":0},"fnMap":{"1":{"name":"toPx","line":31,"loc":{"start":{"line":31,"column":0},"end":{"line":31,"column":22}}},"2":{"name":"attachShadow","line":41,"loc":{"start":{"line":41,"column":0},"end":{"line":41,"column":31}}},"3":{"name":"nearestPositionedAncestor","line":61,"loc":{"start":{"line":61,"column":0},"end":{"line":61,"column":39}}},"4":{"name":"createAdderDOM","line":77,"loc":{"start":{"line":77,"column":0},"end":{"line":77,"column":35}}},"5":{"name":"(anonymous_5)","line":90,"loc":{"start":{"line":90,"column":59},"end":{"line":90,"column":76}}},"6":{"name":"(anonymous_6)","line":92,"loc":{"start":{"line":92,"column":14},"end":{"line":92,"column":29}}},"7":{"name":"(anonymous_7)","line":108,"loc":{"start":{"line":108,"column":42},"end":{"line":108,"column":57}}},"8":{"name":"Adder","line":127,"loc":{"start":{"line":127,"column":0},"end":{"line":127,"column":35}}},"9":{"name":"handleCommand","line":167,"loc":{"start":{"line":172,"column":2},"end":{"line":172,"column":32}}},"10":{"name":"width","line":182,"loc":{"start":{"line":187,"column":2},"end":{"line":187,"column":19}}},"11":{"name":"height","line":186,"loc":{"start":{"line":191,"column":2},"end":{"line":191,"column":20}}},"12":{"name":"(anonymous_12)","line":191,"loc":{"start":{"line":196,"column":14},"end":{"line":196,"column":26}}},"13":{"name":"(anonymous_13)","line":208,"loc":{"start":{"line":213,"column":16},"end":{"line":213,"column":60}}},"14":{"name":"(anonymous_14)","line":260,"loc":{"start":{"line":266,"column":16},"end":{"line":266,"column":53}}},"15":{"name":"(anonymous_15)","line":291,"loc":{"start":{"line":297,"column":30},"end":{"line":297,"column":42}}}},"statementMap":{"1":{"start":{"line":3,"column":0},"end":{"line":3,"column":0}},"2":{"start":{"line":5,"column":0},"end":{"line":5,"column":0}},"3":{"start":{"line":7,"column":0},"end":{"line":7,"column":0}},"4":{"start":{"line":8,"column":0},"end":{"line":8,"column":0}},"5":{"start":{"line":10,"column":0},"end":{"line":10,"column":0}},"6":{"start":{"line":23,"column":0},"end":{"line":23,"column":0}},"7":{"start":{"line":29,"column":0},"end":{"line":29,"column":0}},"8":{"start":{"line":31,"column":0},"end":{"line":33,"column":1}},"9":{"start":{"line":32,"column":2},"end":{"line":32,"column":2}},"10":{"start":{"line":35,"column":0},"end":{"line":35,"column":0}},"11":{"start":{"line":39,"column":0},"end":{"line":39,"column":0}},"12":{"start":{"line":41,"column":0},"end":{"line":51,"column":1}},"13":{"start":{"line":42,"column":2},"end":{"line":50,"column":3}},"14":{"start":{"line":44,"column":4},"end":{"line":44,"column":4}},"15":{"start":{"line":45,"column":9},"end":{"line":50,"column":3}},"16":{"start":{"line":47,"column":4},"end":{"line":47,"column":4}},"17":{"start":{"line":49,"column":4},"end":{"line":49,"column":4}},"18":{"start":{"line":61,"column":0},"end":{"line":70,"column":1}},"19":{"start":{"line":62,"column":2},"end":{"line":62,"column":2}},"20":{"start":{"line":63,"column":2},"end":{"line":68,"column":3}},"21":{"start":{"line":64,"column":4},"end":{"line":66,"column":5}},"22":{"start":{"line":65,"column":6},"end":{"line":65,"column":6}},"23":{"start":{"line":67,"column":4},"end":{"line":67,"column":4}},"24":{"start":{"line":69,"column":2},"end":{"line":69,"column":2}},"25":{"start":{"line":77,"column":0},"end":{"line":117,"column":1}},"26":{"start":{"line":78,"column":2},"end":{"line":78,"column":2}},"27":{"start":{"line":84,"column":2},"end":{"line":84,"column":2}},"28":{"start":{"line":85,"column":2},"end":{"line":115,"column":3}},"29":{"start":{"line":86,"column":4},"end":{"line":86,"column":4}},"30":{"start":{"line":87,"column":4},"end":{"line":87,"column":4}},"31":{"start":{"line":90,"column":4},"end":{"line":90,"column":4}},"32":{"start":{"line":91,"column":6},"end":{"line":91,"column":6}},"33":{"start":{"line":93,"column":6},"end":{"line":93,"column":6}},"34":{"start":{"line":107,"column":4},"end":{"line":107,"column":4}},"35":{"start":{"line":108,"column":4},"end":{"line":108,"column":4}},"36":{"start":{"line":109,"column":6},"end":{"line":109,"column":6}},"37":{"start":{"line":111,"column":4},"end":{"line":111,"column":4}},"38":{"start":{"line":113,"column":4},"end":{"line":113,"column":4}},"39":{"start":{"line":114,"column":4},"end":{"line":114,"column":4}},"40":{"start":{"line":116,"column":2},"end":{"line":116,"column":2}},"41":{"start":{"line":127,"column":0},"end":{"line":301,"column":1}},"42":{"start":{"line":129,"column":2},"end":{"line":129,"column":2}},"43":{"start":{"line":131,"column":2},"end":{"line":131,"column":2}},"44":{"start":{"line":132,"column":2},"end":{"line":132,"column":2}},"45":{"start":{"line":134,"column":2},"end":{"line":134,"column":2}},"46":{"start":{"line":135,"column":2},"end":{"line":135,"column":2}},"47":{"start":{"line":138,"column":2},"end":{"line":138,"column":2}},"48":{"start":{"line":152,"column":2},"end":{"line":152,"column":2}},"49":{"start":{"line":154,"column":2},"end":{"line":154,"column":2}},"50":{"start":{"line":155,"column":2},"end":{"line":155,"column":2}},"51":{"start":{"line":157,"column":2},"end":{"line":157,"column":2}},"52":{"start":{"line":159,"column":2},"end":{"line":159,"column":2}},"53":{"start":{"line":162,"column":2},"end":{"line":169,"column":3}},"54":{"start":{"line":163,"column":4},"end":{"line":163,"column":4}},"55":{"start":{"line":165,"column":4},"end":{"line":165,"column":4}},"56":{"start":{"line":168,"column":4},"end":{"line":168,"column":4}},"57":{"start":{"line":172,"column":2},"end":{"line":185,"column":3}},"58":{"start":{"line":173,"column":4},"end":{"line":173,"column":4}},"59":{"start":{"line":174,"column":4},"end":{"line":174,"column":4}},"60":{"start":{"line":176,"column":4},"end":{"line":176,"column":4}},"61":{"start":{"line":178,"column":4},"end":{"line":182,"column":5}},"62":{"start":{"line":179,"column":6},"end":{"line":179,"column":6}},"63":{"start":{"line":181,"column":6},"end":{"line":181,"column":6}},"64":{"start":{"line":184,"column":4},"end":{"line":184,"column":4}},"65":{"start":{"line":187,"column":2},"end":{"line":189,"column":3}},"66":{"start":{"line":188,"column":4},"end":{"line":188,"column":4}},"67":{"start":{"line":191,"column":2},"end":{"line":193,"column":3}},"68":{"start":{"line":192,"column":4},"end":{"line":192,"column":4}},"69":{"start":{"line":196,"column":2},"end":{"line":196,"column":2}},"70":{"start":{"line":197,"column":4},"end":{"line":197,"column":4}},"71":{"start":{"line":198,"column":4},"end":{"line":198,"column":4}},"72":{"start":{"line":199,"column":4},"end":{"line":199,"column":4}},"73":{"start":{"line":213,"column":2},"end":{"line":213,"column":2}},"74":{"start":{"line":216,"column":4},"end":{"line":216,"column":4}},"75":{"start":{"line":217,"column":4},"end":{"line":221,"column":5}},"76":{"start":{"line":218,"column":6},"end":{"line":218,"column":6}},"77":{"start":{"line":220,"column":6},"end":{"line":220,"column":6}},"78":{"start":{"line":222,"column":4},"end":{"line":222,"column":4}},"79":{"start":{"line":223,"column":4},"end":{"line":223,"column":4}},"80":{"start":{"line":227,"column":4},"end":{"line":227,"column":4}},"81":{"start":{"line":228,"column":4},"end":{"line":232,"column":5}},"82":{"start":{"line":229,"column":6},"end":{"line":229,"column":6}},"83":{"start":{"line":231,"column":6},"end":{"line":231,"column":6}},"84":{"start":{"line":236,"column":4},"end":{"line":241,"column":5}},"85":{"start":{"line":238,"column":6},"end":{"line":238,"column":6}},"86":{"start":{"line":239,"column":11},"end":{"line":241,"column":5}},"87":{"start":{"line":240,"column":6},"end":{"line":240,"column":6}},"88":{"start":{"line":243,"column":4},"end":{"line":247,"column":5}},"89":{"start":{"line":244,"column":6},"end":{"line":244,"column":6}},"90":{"start":{"line":246,"column":6},"end":{"line":246,"column":6}},"91":{"start":{"line":250,"column":4},"end":{"line":250,"column":4}},"92":{"start":{"line":251,"column":4},"end":{"line":251,"column":4}},"93":{"start":{"line":253,"column":4},"end":{"line":253,"column":4}},"94":{"start":{"line":254,"column":4},"end":{"line":254,"column":4}},"95":{"start":{"line":256,"column":4},"end":{"line":256,"column":4}},"96":{"start":{"line":266,"column":2},"end":{"line":266,"column":2}},"97":{"start":{"line":267,"column":4},"end":{"line":267,"column":4}},"98":{"start":{"line":278,"column":4},"end":{"line":278,"column":4}},"99":{"start":{"line":287,"column":4},"end":{"line":287,"column":4}},"100":{"start":{"line":288,"column":4},"end":{"line":288,"column":4}},"101":{"start":{"line":290,"column":4},"end":{"line":290,"column":4}},"102":{"start":{"line":294,"column":4},"end":{"line":294,"column":4}},"103":{"start":{"line":296,"column":4},"end":{"line":296,"column":4}},"104":{"start":{"line":297,"column":4},"end":{"line":297,"column":4}},"105":{"start":{"line":298,"column":6},"end":{"line":298,"column":6}},"106":{"start":{"line":303,"column":0},"end":{"line":303,"column":0}}},"branchMap":{"1":{"line":42,"type":"if","locations":[{"start":{"line":42,"column":2},"end":{"line":42,"column":2}},{"start":{"line":42,"column":2},"end":{"line":42,"column":2}}]},"2":{"line":45,"type":"if","locations":[{"start":{"line":45,"column":9},"end":{"line":45,"column":9}},{"start":{"line":45,"column":9},"end":{"line":45,"column":9}}]},"3":{"line":64,"type":"if","locations":[{"start":{"line":64,"column":4},"end":{"line":64,"column":4}},{"start":{"line":64,"column":4},"end":{"line":64,"column":4}}]},"4":{"line":85,"type":"if","locations":[{"start":{"line":85,"column":2},"end":{"line":85,"column":2}},{"start":{"line":85,"column":2},"end":{"line":85,"column":2}}]},"5":{"line":93,"type":"binary-expr","locations":[{"start":{"line":93,"column":14},"end":{"line":93,"column":14}},{"start":{"line":93,"column":21},"end":{"line":93,"column":13}}]},"6":{"line":160,"type":"if","locations":[{"start":{"line":162,"column":2},"end":{"line":162,"column":2}},{"start":{"line":162,"column":2},"end":{"line":162,"column":2}}]},"7":{"line":173,"type":"if","locations":[{"start":{"line":178,"column":4},"end":{"line":178,"column":4}},{"start":{"line":178,"column":4},"end":{"line":178,"column":4}}]},"8":{"line":212,"type":"if","locations":[{"start":{"line":217,"column":4},"end":{"line":217,"column":4}},{"start":{"line":217,"column":4},"end":{"line":217,"column":4}}]},"9":{"line":223,"type":"if","locations":[{"start":{"line":228,"column":4},"end":{"line":228,"column":4}},{"start":{"line":228,"column":4},"end":{"line":228,"column":4}}]},"10":{"line":231,"type":"if","locations":[{"start":{"line":236,"column":4},"end":{"line":236,"column":4}},{"start":{"line":236,"column":4},"end":{"line":236,"column":4}}]},"11":{"line":231,"type":"binary-expr","locations":[{"start":{"line":236,"column":8},"end":{"line":236,"column":8}},{"start":{"line":237,"column":8},"end":{"line":236,"column":4}}]},"12":{"line":233,"type":"if","locations":[{"start":{"line":239,"column":11},"end":{"line":239,"column":11}},{"start":{"line":239,"column":11},"end":{"line":239,"column":11}}]},"13":{"line":237,"type":"if","locations":[{"start":{"line":243,"column":4},"end":{"line":243,"column":4}},{"start":{"line":243,"column":4},"end":{"line":243,"column":4}}]}},"l":{"3":49,"5":49,"7":49,"8":49,"10":49,"23":49,"29":49,"31":1,"32":0,"35":49,"39":49,"41":1,"42":2,"44":0,"45":2,"47":0,"49":2,"61":1,"62":0,"63":0,"64":0,"65":0,"67":0,"69":0,"77":1,"78":2,"84":2,"85":2,"86":0,"87":0,"90":0,"91":0,"93":0,"107":0,"108":0,"109":0,"111":0,"113":2,"114":2,"116":2,"127":1,"129":2,"131":2,"132":2,"134":2,"135":0,"138":0,"152":0,"154":0,"155":0,"157":0,"159":0,"162":0,"163":0,"165":0,"168":0,"172":1,"173":0,"174":0,"176":0,"178":0,"179":0,"181":0,"184":0,"187":1,"188":0,"191":1,"192":0,"196":0,"197":0,"198":0,"199":0,"213":0,"216":0,"217":0,"218":0,"220":0,"222":0,"223":0,"227":0,"228":0,"229":0,"231":0,"236":0,"238":0,"239":0,"240":0,"243":0,"244":0,"246":0,"250":0,"251":0,"253":0,"254":0,"256":0,"266":0,"267":0,"278":0,"287":0,"288":0,"290":0,"294":0,"296":0,"297":0,"298":0,"303":49}},
"/usr/src/app/src/annotator/util/observable.js":{"path":"/usr/src/app/src/annotator/util/observable.js","s":{"1":49,"2":1,"3":12,"4":12,"5":7,"6":12,"7":24,"8":12,"9":12,"10":24,"11":1,"12":8,"13":8,"14":8,"15":9,"16":9,"17":10,"18":9,"19":9,"20":8,"21":6,"22":6,"23":1,"24":12,"25":12,"26":12,"27":1,"28":3,"29":12,"30":4,"31":4,"32":4,"33":12,"34":12,"35":12,"36":1,"37":6,"38":6,"39":18,"40":9,"41":6,"42":6,"43":18,"44":1,"45":5,"46":5,"47":8,"48":8,"49":49},"b":{},"f":{"1":12,"2":12,"3":7,"4":24,"5":12,"6":24,"7":8,"8":8,"9":9,"10":9,"11":10,"12":6,"13":12,"14":12,"15":3,"16":4,"17":12,"18":6,"19":6,"20":18,"21":9,"22":6,"23":18,"24":5,"25":8},"fnMap":{"1":{"name":"listen","line":17,"loc":{"start":{"line":17,"column":0},"end":{"line":17,"column":33}}},"2":{"name":"(anonymous_2)","line":18,"loc":{"start":{"line":18,"column":24},"end":{"line":18,"column":44}}},"3":{"name":"onNext","line":19,"loc":{"start":{"line":19,"column":17},"end":{"line":19,"column":34}}},"4":{"name":"(anonymous_4)","line":23,"loc":{"start":{"line":23,"column":23},"end":{"line":23,"column":40}}},"5":{"name":"(anonymous_5)","line":27,"loc":{"start":{"line":27,"column":11},"end":{"line":27,"column":23}}},"6":{"name":"(anonymous_6)","line":28,"loc":{"start":{"line":28,"column":25},"end":{"line":28,"column":42}}},"7":{"name":"delay","line":38,"loc":{"start":{"line":38,"column":0},"end":{"line":38,"column":27}}},"8":{"name":"(anonymous_8)","line":39,"loc":{"start":{"line":39,"column":24},"end":{"line":39,"column":39}}},"9":{"name":"next","line":42,"loc":{"start":{"line":42,"column":12},"end":{"line":42,"column":29}}},"10":{"name":"(anonymous_10)","line":43,"loc":{"start":{"line":43,"column":27},"end":{"line":43,"column":39}}},"11":{"name":"(anonymous_11)","line":44,"loc":{"start":{"line":44,"column":37},"end":{"line":44,"column":54}}},"12":{"name":"(anonymous_12)","line":52,"loc":{"start":{"line":50,"column":11},"end":{"line":50,"column":23}}},"13":{"name":"buffer","line":67,"loc":{"start":{"line":65,"column":0},"end":{"line":65,"column":28}}},"14":{"name":"(anonymous_14)","line":68,"loc":{"start":{"line":66,"column":24},"end":{"line":66,"column":39}}},"15":{"name":"onNext","line":72,"loc":{"start":{"line":70,"column":4},"end":{"line":70,"column":22}}},"16":{"name":"next","line":77,"loc":{"start":{"line":75,"column":12},"end":{"line":75,"column":29}}},"17":{"name":"(anonymous_17)","line":84,"loc":{"start":{"line":82,"column":11},"end":{"line":82,"column":23}}},"18":{"name":"merge","line":97,"loc":{"start":{"line":95,"column":0},"end":{"line":95,"column":24}}},"19":{"name":"(anonymous_19)","line":98,"loc":{"start":{"line":96,"column":24},"end":{"line":96,"column":39}}},"20":{"name":"(anonymous_20)","line":99,"loc":{"start":{"line":97,"column":27},"end":{"line":97,"column":42}}},"21":{"name":"next","line":101,"loc":{"start":{"line":99,"column":14},"end":{"line":99,"column":31}}},"22":{"name":"(anonymous_22)","line":107,"loc":{"start":{"line":105,"column":11},"end":{"line":105,"column":23}}},"23":{"name":"(anonymous_23)","line":108,"loc":{"start":{"line":106,"column":19},"end":{"line":106,"column":34}}},"24":{"name":"drop","line":116,"loc":{"start":{"line":114,"column":0},"end":{"line":114,"column":22}}},"25":{"name":"(anonymous_25)","line":118,"loc":{"start":{"line":116,"column":20},"end":{"line":116,"column":32}}}},"statementMap":{"1":{"start":{"line":8,"column":0},"end":{"line":8,"column":0}},"2":{"start":{"line":17,"column":0},"end":{"line":33,"column":1}},"3":{"start":{"line":18,"column":2},"end":{"line":18,"column":2}},"4":{"start":{"line":19,"column":4},"end":{"line":19,"column":4}},"5":{"start":{"line":20,"column":6},"end":{"line":20,"column":6}},"6":{"start":{"line":23,"column":4},"end":{"line":23,"column":4}},"7":{"start":{"line":24,"column":6},"end":{"line":24,"column":6}},"8":{"start":{"line":27,"column":4},"end":{"line":27,"column":4}},"9":{"start":{"line":28,"column":6},"end":{"line":28,"column":6}},"10":{"start":{"line":29,"column":8},"end":{"line":29,"column":8}},"11":{"start":{"line":38,"column":0},"end":{"line":55,"column":1}},"12":{"start":{"line":39,"column":2},"end":{"line":39,"column":2}},"13":{"start":{"line":40,"column":4},"end":{"line":40,"column":4}},"14":{"start":{"line":41,"column":4},"end":{"line":41,"column":4}},"15":{"start":{"line":43,"column":8},"end":{"line":43,"column":8}},"16":{"start":{"line":44,"column":10},"end":{"line":44,"column":10}},"17":{"start":{"line":44,"column":56},"end":{"line":44,"column":56}},"18":{"start":{"line":45,"column":10},"end":{"line":45,"column":10}},"19":{"start":{"line":47,"column":8},"end":{"line":47,"column":8}},"20":{"start":{"line":50,"column":4},"end":{"line":50,"column":4}},"21":{"start":{"line":51,"column":6},"end":{"line":51,"column":6}},"22":{"start":{"line":52,"column":6},"end":{"line":52,"column":6}},"23":{"start":{"line":65,"column":0},"end":{"line":87,"column":1}},"24":{"start":{"line":66,"column":2},"end":{"line":66,"column":2}},"25":{"start":{"line":67,"column":4},"end":{"line":67,"column":4}},"26":{"start":{"line":68,"column":4},"end":{"line":68,"column":4}},"27":{"start":{"line":70,"column":4},"end":{"line":72,"column":5}},"28":{"start":{"line":71,"column":6},"end":{"line":71,"column":6}},"29":{"start":{"line":74,"column":4},"end":{"line":74,"column":4}},"30":{"start":{"line":76,"column":8},"end":{"line":76,"column":8}},"31":{"start":{"line":77,"column":8},"end":{"line":77,"column":8}},"32":{"start":{"line":78,"column":8},"end":{"line":78,"column":8}},"33":{"start":{"line":82,"column":4},"end":{"line":82,"column":4}},"34":{"start":{"line":83,"column":6},"end":{"line":83,"column":6}},"35":{"start":{"line":84,"column":6},"end":{"line":84,"column":6}},"36":{"start":{"line":95,"column":0},"end":{"line":111,"column":1}},"37":{"start":{"line":96,"column":2},"end":{"line":96,"column":2}},"38":{"start":{"line":97,"column":4},"end":{"line":97,"column":4}},"39":{"start":{"line":98,"column":6},"end":{"line":98,"column":6}},"40":{"start":{"line":100,"column":10},"end":{"line":100,"column":10}},"41":{"start":{"line":105,"column":4},"end":{"line":105,"column":4}},"42":{"start":{"line":106,"column":6},"end":{"line":106,"column":6}},"43":{"start":{"line":107,"column":8},"end":{"line":107,"column":8}},"44":{"start":{"line":114,"column":0},"end":{"line":120,"column":1}},"45":{"start":{"line":115,"column":2},"end":{"line":115,"column":2}},"46":{"start":{"line":116,"column":2},"end":{"line":116,"column":2}},"47":{"start":{"line":117,"column":4},"end":{"line":117,"column":4}},"48":{"start":{"line":118,"column":4},"end":{"line":118,"column":4}},"49":{"start":{"line":122,"column":0},"end":{"line":122,"column":0}}},"branchMap":{},"l":{"8":49,"17":1,"18":12,"19":12,"20":7,"23":12,"24":24,"27":12,"28":12,"29":24,"38":1,"39":8,"40":8,"41":8,"43":9,"44":10,"45":9,"47":9,"50":8,"51":6,"52":6,"65":1,"66":12,"67":12,"68":12,"70":1,"71":3,"74":12,"76":4,"77":4,"78":4,"82":12,"83":12,"84":12,"95":1,"96":6,"97":6,"98":18,"100":9,"105":6,"106":6,"107":18,"114":1,"115":5,"116":5,"117":8,"118":8,"122":49}},
"/usr/src/app/src/annotator/anchoring/html.coffee":{"path":"/usr/src/app/src/annotator/anchoring/html.coffee","s":{"1":49,"2":49,"3":49,"4":102,"5":102,"6":102,"7":102,"8":102,"9":101,"10":99,"11":3,"12":3,"13":102,"14":49,"15":96,"16":96,"17":96,"18":96,"19":96,"20":96,"21":96,"22":96,"23":96,"24":115,"25":115,"26":5,"27":5,"28":40,"29":40,"30":40,"31":36,"32":36,"33":34,"34":96,"35":70,"36":4,"37":66,"38":96,"39":96,"40":5,"41":5,"42":96,"43":34,"44":33,"45":96,"46":40,"47":34,"48":96,"49":36,"50":30,"51":96,"52":49,"53":33,"54":33,"55":33,"56":33,"57":33,"58":33,"59":33,"60":33,"61":132,"62":132,"63":132,"64":104,"65":28,"66":33,"67":33},"b":{"1":[96,0],"2":[96,0],"3":[5,40,36,34],"4":[4,66],"5":[70,10],"6":[10,60],"7":[5,91],"8":[34,62],"9":[40,56],"10":[36,60],"11":[33,0]},"f":{"1":102,"2":102,"3":96,"4":70,"5":5,"6":33,"7":34,"8":30,"9":33,"10":33},"fnMap":{"1":{"name":"querySelector","line":7,"loc":{"start":{"line":9,"column":16},"end":{"line":10,"column":2}}},"2":{"name":"doQuery","line":9,"loc":{"start":{"line":10,"column":12},"end":{"line":11,"column":4}}},"3":{"name":"(anonymous_3)","line":37,"loc":{"start":{"line":33,"column":17},"end":{"line":35,"column":2}}},"4":{"name":"maybeAssertQuote","line":64,"loc":{"start":{"line":54,"column":21},"end":{"line":54,"column":21}}},"5":{"name":"(anonymous_5)","line":73,"loc":{"start":{"line":65,"column":28},"end":{"line":66,"column":6}}},"6":{"name":"(anonymous_6)","line":78,"loc":{"start":{"line":70,"column":28},"end":{"line":71,"column":6}}},"7":{"name":"(anonymous_7)","line":83,"loc":{"start":{"line":75,"column":28},"end":{"line":76,"column":6}}},"8":{"name":"(anonymous_8)","line":88,"loc":{"start":{"line":80,"column":28},"end":{"line":82,"column":6}}},"9":{"name":"(anonymous_9)","line":95,"loc":{"start":{"line":87,"column":19},"end":{"line":88,"column":2}}},"10":{"name":"(anonymous_10)","line":101,"loc":{"start":{"line":90,"column":2},"end":{"line":90,"column":2}}}},"statementMap":{"1":{"start":{"line":1,"column":-15},"end":{"line":1,"column":-15}},"2":{"start":{"line":1,"column":-15},"end":{"line":5,"column":2}},"3":{"start":{"line":0,"column":0},"end":{"line":0,"column":0},"skip":true},"4":{"start":{"line":0,"column":0},"end":{"line":0,"column":0},"skip":true},"5":{"start":{"line":10,"column":2},"end":{"line":17,"column":2}},"6":{"start":{"line":0,"column":0},"end":{"line":0,"column":0},"skip":true},"7":{"start":{"line":0,"column":0},"end":{"line":0,"column":0},"skip":true},"8":{"start":{"line":12,"column":6},"end":{"line":12,"column":15}},"9":{"start":{"line":13,"column":6},"end":{"line":13,"column":14}},"10":{"start":{"line":0,"column":0},"end":{"line":0,"column":0},"skip":true},"11":{"start":{"line":15,"column":10},"end":{"line":15,"column":10}},"12":{"start":{"line":0,"column":0},"end":{"line":0,"column":0},"skip":true},"13":{"start":{"line":0,"column":0},"end":{"line":0,"column":0},"skip":true},"14":{"start":{"line":0,"column":0},"end":{"line":0,"column":0},"skip":true},"15":{"start":{"line":0,"column":0},"end":{"line":0,"column":0},"skip":true},"16":{"start":{"line":0,"column":0},"end":{"line":0,"column":0},"skip":true},"17":{"start":{"line":33,"column":35},"end":{"line":33,"column":45}},"18":{"start":{"line":35,"column":2},"end":{"line":35,"column":13}},"19":{"start":{"line":36,"column":2},"end":{"line":36,"column":13}},"20":{"start":{"line":37,"column":2},"end":{"line":37,"column":10}},"21":{"start":{"line":38,"column":2},"end":{"line":38,"column":10}},"22":{"start":{"line":0,"column":0},"end":{"line":0,"column":0},"skip":true},"23":{"start":{"line":0,"column":0},"end":{"line":0,"column":0},"skip":true},"24":{"start":{"line":0,"column":0},"end":{"line":0,"column":0},"skip":true},"25":{"start":{"line":0,"column":0},"end":{"line":0,"column":0},"skip":true},"26":{"start":{"line":44,"column":8},"end":{"line":43,"column":11}},"27":{"start":{"line":42,"column":4},"end":{"line":42,"column":4}},"28":{"start":{"line":46,"column":8},"end":{"line":46,"column":19}},"29":{"start":{"line":47,"column":8},"end":{"line":45,"column":11}},"30":{"start":{"line":42,"column":4},"end":{"line":42,"column":4}},"31":{"start":{"line":49,"column":8},"end":{"line":48,"column":11}},"32":{"start":{"line":42,"column":4},"end":{"line":42,"column":4}},"33":{"start":{"line":51,"column":8},"end":{"line":41,"column":2}},"34":{"start":{"line":0,"column":0},"end":{"line":0,"column":0},"skip":true},"35":{"start":{"line":55,"column":4},"end":{"line":54,"column":21}},"36":{"start":{"line":0,"column":0},"end":{"line":0,"column":0},"skip":true},"37":{"start":{"line":0,"column":0},"end":{"line":0,"column":0},"skip":true},"38":{"start":{"line":62,"column":2},"end":{"line":62,"column":12}},"39":{"start":{"line":0,"column":0},"end":{"line":0,"column":0},"skip":true},"40":{"start":{"line":65,"column":4},"end":{"line":65,"column":14}},"41":{"start":{"line":0,"column":0},"end":{"line":0,"column":0},"skip":true},"42":{"start":{"line":0,"column":0},"end":{"line":0,"column":0},"skip":true},"43":{"start":{"line":70,"column":4},"end":{"line":70,"column":14}},"44":{"start":{"line":0,"column":0},"end":{"line":0,"column":0},"skip":true},"45":{"start":{"line":0,"column":0},"end":{"line":0,"column":0},"skip":true},"46":{"start":{"line":75,"column":4},"end":{"line":75,"column":14}},"47":{"start":{"line":0,"column":0},"end":{"line":0,"column":0},"skip":true},"48":{"start":{"line":79,"column":2},"end":{"line":84,"column":2}},"49":{"start":{"line":80,"column":4},"end":{"line":80,"column":14}},"50":{"start":{"line":0,"column":0},"end":{"line":0,"column":0},"skip":true},"51":{"start":{"line":0,"column":0},"end":{"line":0,"column":0},"skip":true},"52":{"start":{"line":0,"column":0},"end":{"line":0,"column":0},"skip":true},"53":{"start":{"line":0,"column":0},"end":{"line":0,"column":0},"skip":true},"54":{"start":{"line":0,"column":0},"end":{"line":0,"column":0},"skip":true},"55":{"start":{"line":87,"column":33},"end":{"line":87,"column":43}},"56":{"start":{"line":88,"column":2},"end":{"line":88,"column":10}},"57":{"start":{"line":90,"column":2},"end":{"line":97,"column":2}},"58":{"start":{"line":0,"column":0},"end":{"line":0,"column":0},"skip":true},"59":{"start":{"line":0,"column":0},"end":{"line":0,"column":0},"skip":true},"60":{"start":{"line":0,"column":0},"end":{"line":0,"column":0},"skip":true},"61":{"start":{"line":0,"column":0},"end":{"line":0,"column":0},"skip":true},"62":{"start":{"line":0,"column":0},"end":{"line":0,"column":0},"skip":true},"63":{"start":{"line":92,"column":6},"end":{"line":92,"column":15}},"64":{"start":{"line":0,"column":0},"end":{"line":0,"column":0},"skip":true},"65":{"start":{"line":91,"column":4},"end":{"line":91,"column":4}},"66":{"start":{"line":0,"column":0},"end":{"line":0,"column":0},"skip":true},"67":{"start":{"line":0,"column":0},"end":{"line":0,"column":0},"skip":true}},"branchMap":{"1":{"line":39,"type":"if","locations":[{"start":{"line":0,"column":0},"end":{"line":0,"column":0},"skip":true},{"start":{"line":0,"column":0},"end":{"line":0,"column":0},"skip":true}]},"2":{"line":46,"type":"cond-expr","locations":[{"start":{"line":0,"column":0},"end":{"line":0,"column":0},"skip":true},{"start":{"line":41,"column":2},"end":{"line":41,"column":2}}]},"3":{"line":49,"type":"switch","locations":[{"start":{"line":0,"column":0},"end":{"line":0,"column":0},"skip":true},{"start":{"line":0,"column":0},"end":{"line":0,"column":0},"skip":true},{"start":{"line":0,"column":0},"end":{"line":0,"column":0},"skip":true},{"start":{"line":0,"column":0},"end":{"line":0,"column":0},"skip":true}]},"4":{"line":65,"type":"if","locations":[{"start":{"line":55,"column":4},"end":{"line":55,"column":4}},{"start":{"line":55,"column":4},"end":{"line":55,"column":4}}]},"5":{"line":65,"type":"binary-expr","locations":[{"start":{"line":55,"column":4},"end":{"line":55,"column":7}},{"start":{"line":55,"column":25},"end":{"line":55,"column":4}}]},"6":{"line":65,"type":"cond-expr","locations":[{"start":{"line":55,"column":4},"end":{"line":55,"column":4}},{"start":{"line":55,"column":4},"end":{"line":55,"column":4}}]},"7":{"line":72,"type":"if","locations":[{"start":{"line":64,"column":2},"end":{"line":64,"column":2}},{"start":{"line":64,"column":2},"end":{"line":64,"column":2}}]},"8":{"line":77,"type":"if","locations":[{"start":{"line":69,"column":2},"end":{"line":69,"column":2}},{"start":{"line":69,"column":2},"end":{"line":69,"column":2}}]},"9":{"line":82,"type":"if","locations":[{"start":{"line":74,"column":2},"end":{"line":74,"column":2}},{"start":{"line":74,"column":2},"end":{"line":74,"column":2}}]},"10":{"line":87,"type":"if","locations":[{"start":{"line":79,"column":2},"end":{"line":79,"column":2}},{"start":{"line":79,"column":2},"end":{"line":79,"column":2}}]},"11":{"line":97,"type":"if","locations":[{"start":{"line":0,"column":0},"end":{"line":0,"column":0},"skip":true},{"start":{"line":0,"column":0},"end":{"line":0,"column":0},"skip":true}]}},"l":{"0":132,"1":49,"10":102,"12":102,"13":101,"15":3,"33":96,"35":96,"36":96,"37":96,"38":96,"42":40,"44":5,"46":40,"47":40,"49":36,"51":34,"55":70,"62":96,"65":5,"70":34,"75":40,"79":96,"80":36,"87":33,"88":33,"90":33,"91":28,"92":132}},
"/usr/src/app/src/annotator/anchoring/types.coffee":{"path":"/usr/src/app/src/annotator/anchoring/types.coffee","s":{"1":49,"2":49,"3":49,"4":49,"5":49,"6":0,"7":49,"8":1,"9":66,"10":0,"11":66,"12":0,"13":66,"14":66,"15":49,"16":33,"17":49,"18":33,"19":33,"20":33,"21":33,"22":49,"23":32,"24":49,"25":33,"26":33,"27":0,"28":33,"29":33,"30":49,"31":49,"32":1,"33":84,"34":84,"35":84,"36":49,"37":33,"38":33,"39":33,"40":49,"41":67,"42":49,"43":48,"44":49,"45":34,"46":49,"47":49,"48":1,"49":86,"50":4,"51":86,"52":86,"53":86,"54":49,"55":42,"56":42,"57":42,"58":49,"59":82,"60":82,"61":82,"62":49,"63":86,"64":49,"65":32,"66":32,"67":2,"68":32,"69":32,"70":2,"71":30,"72":49,"73":12,"74":12,"75":5,"76":12,"77":12,"78":7,"79":5,"80":49,"81":49,"82":49,"83":49,"84":49},"b":{"1":[0,66],"2":[0,66],"3":[0,33],"4":[4,82],"5":[2,30],"6":[2,30],"7":[5,7],"8":[7,5]},"f":{"1":0,"2":49,"3":66,"4":33,"5":33,"6":32,"7":33,"8":49,"9":84,"10":33,"11":67,"12":48,"13":34,"14":49,"15":86,"16":42,"17":82,"18":86,"19":32,"20":12},"fnMap":{"1":{"name":"missingParameter","line":11,"loc":{"start":{"line":15,"column":19},"end":{"line":16,"column":2}}},"2":{"name":"(anonymous_2)","line":23,"loc":{"start":{"line":26,"column":6},"end":{"line":26,"column":6}}},"3":{"name":"RangeAnchor","line":24,"loc":{"start":{"line":27,"column":15},"end":{"line":27,"column":15}}},"4":{"name":"(anonymous_4)","line":35,"loc":{"start":{"line":33,"column":14},"end":{"line":34,"column":4}}},"5":{"name":"(anonymous_5)","line":39,"loc":{"start":{"line":37,"column":17},"end":{"line":38,"column":4}}},"6":{"name":"(anonymous_6)","line":51,"loc":{"start":{"line":47,"column":11},"end":{"line":48,"column":4}}},"7":{"name":"(anonymous_7)","line":55,"loc":{"start":{"line":50,"column":14},"end":{"line":51,"column":4}}},"8":{"name":"(anonymous_8)","line":77,"loc":{"start":{"line":63,"column":6},"end":{"line":63,"column":6}}},"9":{"name":"TextPositionAnchor","line":78,"loc":{"start":{"line":64,"column":15},"end":{"line":64,"column":15}}},"10":{"name":"(anonymous_10)","line":84,"loc":{"start":{"line":69,"column":14},"end":{"line":70,"column":4}}},"11":{"name":"(anonymous_11)","line":90,"loc":{"start":{"line":73,"column":17},"end":{"line":73,"column":17}}},"12":{"name":"(anonymous_12)","line":94,"loc":{"start":{"line":76,"column":14},"end":{"line":76,"column":14}}},"13":{"name":"(anonymous_13)","line":102,"loc":{"start":{"line":83,"column":11},"end":{"line":83,"column":11}}},"14":{"name":"(anonymous_14)","line":116,"loc":{"start":{"line":89,"column":6},"end":{"line":89,"column":6}}},"15":{"name":"TextQuoteAnchor","line":117,"loc":{"start":{"line":90,"column":15},"end":{"line":90,"column":15}}},"16":{"name":"(anonymous_16)","line":126,"loc":{"start":{"line":95,"column":14},"end":{"line":96,"column":4}}},"17":{"name":"(anonymous_17)","line":132,"loc":{"start":{"line":99,"column":17},"end":{"line":100,"column":4}}},"18":{"name":"(anonymous_18)","line":141,"loc":{"start":{"line":103,"column":14},"end":{"line":103,"column":14}}},"19":{"name":"(anonymous_19)","line":150,"loc":{"start":{"line":111,"column":11},"end":{"line":112,"column":4}}},"20":{"name":"(anonymous_20)","line":162,"loc":{"start":{"line":117,"column":20},"end":{"line":118,"column":4}}}},"statementMap":{"1":{"start":{"line":9,"column":0},"end":{"line":9,"column":0}},"2":{"start":{"line":9,"column":0},"end":{"line":9,"column":24}},"3":{"start":{"line":10,"column":0},"end":{"line":10,"column":21}},"4":{"start":{"line":12,"column":0},"end":{"line":12,"column":13}},"5":{"start":{"line":0,"column":0},"end":{"line":0,"column":0},"skip":true},"6":{"start":{"line":0,"column":0},"end":{"line":0,"column":0},"skip":true},"7":{"start":{"line":0,"column":0},"end":{"line":0,"column":0},"skip":true},"8":{"start":{"line":0,"column":0},"end":{"line":0,"column":0},"skip":true},"9":{"start":{"line":0,"column":0},"end":{"line":0,"column":0},"skip":true},"10":{"start":{"line":28,"column":22},"end":{"line":28,"column":4}},"11":{"start":{"line":0,"column":0},"end":{"line":0,"column":0},"skip":true},"12":{"start":{"line":29,"column":23},"end":{"line":29,"column":4}},"13":{"start":{"line":30,"column":4},"end":{"line":30,"column":12}},"14":{"start":{"line":31,"column":4},"end":{"line":27,"column":15}},"15":{"start":{"line":0,"column":0},"end":{"line":0,"column":0},"skip":true},"16":{"start":{"line":0,"column":0},"end":{"line":0,"column":0},"skip":true},"17":{"start":{"line":0,"column":0},"end":{"line":0,"column":0},"skip":true},"18":{"start":{"line":0,"column":0},"end":{"line":0,"column":0},"skip":true},"19":{"start":{"line":38,"column":4},"end":{"line":38,"column":11}},"20":{"start":{"line":44,"column":4},"end":{"line":44,"column":12}},"21":{"start":{"line":0,"column":0},"end":{"line":0,"column":0},"skip":true},"22":{"start":{"line":0,"column":0},"end":{"line":0,"column":0},"skip":true},"23":{"start":{"line":0,"column":0},"end":{"line":0,"column":0},"skip":true},"24":{"start":{"line":0,"column":0},"end":{"line":0,"column":0},"skip":true},"25":{"start":{"line":0,"column":0},"end":{"line":0,"column":0},"skip":true},"26":{"start":{"line":0,"column":0},"end":{"line":0,"column":0},"skip":true},"27":{"start":{"line":50,"column":15},"end":{"line":50,"column":25}},"28":{"start":{"line":51,"column":4},"end":{"line":51,"column":12}},"29":{"start":{"line":0,"column":0},"end":{"line":0,"column":0},"skip":true},"30":{"start":{"line":0,"column":0},"end":{"line":0,"column":0},"skip":true},"31":{"start":{"line":0,"column":0},"end":{"line":0,"column":0},"skip":true},"32":{"start":{"line":0,"column":0},"end":{"line":0,"column":0},"skip":true},"33":{"start":{"line":65,"column":4},"end":{"line":65,"column":12}},"34":{"start":{"line":66,"column":4},"end":{"line":66,"column":13}},"35":{"start":{"line":67,"column":4},"end":{"line":64,"column":15}},"36":{"start":{"line":0,"column":0},"end":{"line":0,"column":0},"skip":true},"37":{"start":{"line":0,"column":0},"end":{"line":0,"column":0},"skip":true},"38":{"start":{"line":70,"column":4},"end":{"line":70,"column":15}},"39":{"start":{"line":0,"column":0},"end":{"line":0,"column":0},"skip":true},"40":{"start":{"line":0,"column":0},"end":{"line":0,"column":0},"skip":true},"41":{"start":{"line":0,"column":0},"end":{"line":0,"column":0},"skip":true},"42":{"start":{"line":0,"column":0},"end":{"line":0,"column":0},"skip":true},"43":{"start":{"line":0,"column":0},"end":{"line":0,"column":0},"skip":true},"44":{"start":{"line":0,"column":0},"end":{"line":0,"column":0},"skip":true},"45":{"start":{"line":0,"column":0},"end":{"line":0,"column":0},"skip":true},"46":{"start":{"line":0,"column":0},"end":{"line":0,"column":0},"skip":true},"47":{"start":{"line":0,"column":0},"end":{"line":0,"column":0},"skip":true},"48":{"start":{"line":0,"column":0},"end":{"line":0,"column":0},"skip":true},"49":{"start":{"line":0,"column":0},"end":{"line":0,"column":0},"skip":true},"50":{"start":{"line":90,"column":29},"end":{"line":90,"column":39}},"51":{"start":{"line":91,"column":4},"end":{"line":91,"column":12}},"52":{"start":{"line":92,"column":4},"end":{"line":92,"column":13}},"53":{"start":{"line":93,"column":4},"end":{"line":90,"column":15}},"54":{"start":{"line":0,"column":0},"end":{"line":0,"column":0},"skip":true},"55":{"start":{"line":0,"column":0},"end":{"line":0,"column":0},"skip":true},"56":{"start":{"line":96,"column":4},"end":{"line":96,"column":15}},"57":{"start":{"line":0,"column":0},"end":{"line":0,"column":0},"skip":true},"58":{"start":{"line":0,"column":0},"end":{"line":0,"column":0},"skip":true},"59":{"start":{"line":0,"column":0},"end":{"line":0,"column":0},"skip":true},"60":{"start":{"line":100,"column":5},"end":{"line":100,"column":13}},"61":{"start":{"line":0,"column":0},"end":{"line":0,"column":0},"skip":true},"62":{"start":{"line":0,"column":0},"end":{"line":0,"column":0},"skip":true},"63":{"start":{"line":0,"column":0},"end":{"line":0,"column":0},"skip":true},"64":{"start":{"line":0,"column":0},"end":{"line":0,"column":0},"skip":true},"65":{"start":{"line":0,"column":0},"end":{"line":0,"column":0},"skip":true},"66":{"start":{"line":0,"column":0},"end":{"line":0,"column":0},"skip":true},"67":{"start":{"line":111,"column":12},"end":{"line":111,"column":22}},"68":{"start":{"line":112,"column":4},"end":{"line":112,"column":12}},"69":{"start":{"line":0,"column":0},"end":{"line":0,"column":0},"skip":true},"70":{"start":{"line":0,"column":0},"end":{"line":0,"column":0},"skip":true},"71":{"start":{"line":0,"column":0},"end":{"line":0,"column":0},"skip":true},"72":{"start":{"line":0,"column":0},"end":{"line":0,"column":0},"skip":true},"73":{"start":{"line":0,"column":0},"end":{"line":0,"column":0},"skip":true},"74":{"start":{"line":0,"column":0},"end":{"line":0,"column":0},"skip":true},"75":{"start":{"line":117,"column":21},"end":{"line":117,"column":31}},"76":{"start":{"line":118,"column":4},"end":{"line":118,"column":13}},"77":{"start":{"line":0,"column":0},"end":{"line":0,"column":0},"skip":true},"78":{"start":{"line":0,"column":0},"end":{"line":0,"column":0},"skip":true},"79":{"start":{"line":0,"column":0},"end":{"line":0,"column":0},"skip":true},"80":{"start":{"line":0,"column":0},"end":{"line":0,"column":0},"skip":true},"81":{"start":{"line":124,"column":0},"end":{"line":124,"column":22}},"82":{"start":{"line":125,"column":0},"end":{"line":125,"column":25}},"83":{"start":{"line":126,"column":0},"end":{"line":126,"column":29}},
[...]
:13,"18":14,"19":8,"20":8,"21":8,"22":5,"23":8,"24":22,"25":2,"26":1,"27":1,"28":1,"29":0,"30":0,"31":0,"32":0,"33":1,"34":27,"35":27,"36":27,"37":0,"38":27,"39":22,"40":5,"41":1,"42":4,"43":4,"44":4,"45":2,"46":0,"47":1,"48":1,"49":2,"50":2,"51":1,"52":70,"53":70,"54":70,"55":37,"56":36,"57":1,"58":35,"59":35,"60":35,"61":34,"62":34,"63":34,"64":34,"65":34,"66":1,"67":35,"68":35,"69":35,"70":35,"71":35,"72":35,"73":0,"74":1,"75":36,"76":1,"77":35,"78":1,"79":1,"80":1,"81":1,"82":1,"83":5,"84":5,"85":1,"86":5,"87":4,"88":5,"89":1,"90":5,"91":5,"92":1,"93":13,"94":1,"95":5,"96":1,"97":6,"98":6,"99":6,"100":6,"101":6,"102":1,"103":1,"104":1,"105":37,"106":37,"107":111,"108":37,"109":37,"110":37,"111":37,"112":37,"113":37,"114":37,"115":37,"116":37,"117":37},"b":{"1":[14,14,14,8],"2":[13,1],"3":[14,2],"4":[5,3],"5":[2,20],"6":[0,0],"7":[0,27],"8":[22,5],"9":[1,4],"10":[4,0],"11":[2,2],"12":[2,0],"13":[70,0],"14":[70,70],"15":[1,35],"16":[34,1],"17":[1,35],"18":[1,0],"19":[4,1],"20":[1,4],"21":[6,0]},"f":{"1":37,"2":22,"3":14,"4":8,"5":1,"6":0,"7":27,"8":27,"9":1,"10":2,"11":70,"12":36,"13":35,"14":0,"15":36,"16":1,"17":5,"18":1,"19":13,"20":5,"21":6,"22":6,"23":1,"24":111},"fnMap":{"1":{"name":"Streamer","line":23,"loc":{"start":{"line":23,"column":0},"end":{"line":24,"column":45}}},"2":{"name":"handleAnnotationNotification","line":51,"loc":{"start":{"line":52,"column":2},"end":{"line":52,"column":49}}},"3":{"name":"(anonymous_3)","line":59,"loc":{"start":{"line":60,"column":26},"end":{"line":60,"column":41}}},"4":{"name":"(anonymous_4)","line":70,"loc":{"start":{"line":71,"column":26},"end":{"line":71,"column":41}}},"5":{"name":"handleSessionChangeNotification","line":92,"loc":{"start":{"line":93,"column":2},"end":{"line":93,"column":52}}},"6":{"name":"handleSocketOnError","line":96,"loc":{"start":{"line":97,"column":2},"end":{"line":97,"column":39}}},"7":{"name":"handleSocketOnMessage","line":110,"loc":{"start":{"line":112,"column":2},"end":{"line":112,"column":41}}},"8":{"name":"(anonymous_8)","line":114,"loc":{"start":{"line":116,"column":22},"end":{"line":116,"column":34}}},"9":{"name":"sendClientConfig","line":135,"loc":{"start":{"line":137,"column":2},"end":{"line":137,"column":31}}},"10":{"name":"(anonymous_10)","line":136,"loc":{"start":{"line":138,"column":40},"end":{"line":138,"column":55}}},"11":{"name":"setConfig","line":148,"loc":{"start":{"line":150,"column":2},"end":{"line":150,"column":41}}},"12":{"name":"_connect","line":155,"loc":{"start":{"line":157,"column":17},"end":{"line":157,"column":29}}},"13":{"name":"(anonymous_13)","line":161,"loc":{"start":{"line":163,"column":35},"end":{"line":163,"column":52}}},"14":{"name":"(anonymous_14)","line":196,"loc":{"start":{"line":198,"column":13},"end":{"line":198,"column":28}}},"15":{"name":"connect","line":209,"loc":{"start":{"line":211,"column":2},"end":{"line":211,"column":21}}},"16":{"name":"reconnect","line":226,"loc":{"start":{"line":228,"column":2},"end":{"line":228,"column":23}}},"17":{"name":"applyPendingUpdates","line":234,"loc":{"start":{"line":236,"column":2},"end":{"line":236,"column":33}}},"18":{"name":"(anonymous_18)","line":236,"loc":{"start":{"line":238,"column":54},"end":{"line":238,"column":68}}},"19":{"name":"countPendingUpdates","line":251,"loc":{"start":{"line":253,"column":2},"end":{"line":253,"column":33}}},"20":{"name":"hasPendingDeletion","line":255,"loc":{"start":{"line":258,"column":2},"end":{"line":258,"column":34}}},"21":{"name":"removePendingUpdates","line":259,"loc":{"start":{"line":262,"column":2},"end":{"line":262,"column":45}}},"22":{"name":"(anonymous_22)","line":263,"loc":{"start":{"line":266,"column":17},"end":{"line":266,"column":32}}},"23":{"name":"clearPendingUpdates","line":269,"loc":{"start":{"line":272,"column":2},"end":{"line":272,"column":33}}},"24":{"name":"(anonymous_24)","line":276,"loc":{"start":{"line":283,"column":23},"end":{"line":283,"column":40}}}},"statementMap":{"1":{"start":{"line":3,"column":0},"end":{"line":3,"column":0}},"2":{"start":{"line":4,"column":0},"end":{"line":4,"column":0}},"3":{"start":{"line":6,"column":0},"end":{"line":6,"column":0}},"4":{"start":{"line":7,"column":0},"end":{"line":7,"column":0}},"5":{"start":{"line":23,"column":0},"end":{"line":296,"column":1}},"6":{"start":{"line":26,"column":2},"end":{"line":26,"column":2}},"7":{"start":{"line":29,"column":2},"end":{"line":29,"column":2}},"8":{"start":{"line":33,"column":2},"end":{"line":33,"column":2}},"9":{"start":{"line":47,"column":2},"end":{"line":47,"column":2}},"10":{"start":{"line":50,"column":2},"end":{"line":50,"column":2}},"11":{"start":{"line":52,"column":2},"end":{"line":91,"column":3}},"12":{"start":{"line":53,"column":4},"end":{"line":53,"column":4}},"13":{"start":{"line":54,"column":4},"end":{"line":54,"column":4}},"14":{"start":{"line":56,"column":4},"end":{"line":56,"column":4}},"15":{"start":{"line":60,"column":6},"end":{"line":60,"column":6}},"16":{"start":{"line":65,"column":8},"end":{"line":67,"column":9}},"17":{"start":{"line":66,"column":10},"end":{"line":66,"column":10}},"18":{"start":{"line":69,"column":6},"end":{"line":69,"column":6}},"19":{"start":{"line":71,"column":6},"end":{"line":71,"column":6}},"20":{"start":{"line":73,"column":8},"end":{"line":73,"column":8}},"21":{"start":{"line":81,"column":8},"end":{"line":83,"column":9}},"22":{"start":{"line":82,"column":10},"end":{"line":82,"column":10}},"23":{"start":{"line":85,"column":6},"end":{"line":85,"column":6}},"24":{"start":{"line":88,"column":4},"end":{"line":90,"column":5}},"25":{"start":{"line":89,"column":6},"end":{"line":89,"column":6}},"26":{"start":{"line":93,"column":2},"end":{"line":95,"column":3}},"27":{"start":{"line":94,"column":4},"end":{"line":94,"column":4}},"28":{"start":{"line":97,"column":2},"end":{"line":110,"column":3}},"29":{"start":{"line":98,"column":4},"end":{"line":98,"column":4}},"30":{"start":{"line":105,"column":4},"end":{"line":105,"column":4}},"31":{"start":{"line":106,"column":4},"end":{"line":109,"column":5}},"32":{"start":{"line":107,"column":6},"end":{"line":107,"column":6}},"33":{"start":{"line":112,"column":2},"end":{"line":135,"column":3}},"34":{"start":{"line":116,"column":4},"end":{"line":116,"column":4}},"35":{"start":{"line":117,"column":6},"end":{"line":117,"column":6}},"36":{"start":{"line":118,"column":6},"end":{"line":120,"column":7}},"37":{"start":{"line":119,"column":8},"end":{"line":119,"column":8}},"38":{"start":{"line":122,"column":6},"end":{"line":133,"column":7}},"39":{"start":{"line":123,"column":8},"end":{"line":123,"column":8}},"40":{"start":{"line":124,"column":13},"end":{"line":133,"column":7}},"41":{"start":{"line":125,"column":8},"end":{"line":125,"column":8}},"42":{"start":{"line":126,"column":13},"end":{"line":133,"column":7}},"43":{"start":{"line":127,"column":8},"end":{"line":127,"column":8}},"44":{"start":{"line":128,"column":8},"end":{"line":130,"column":9}},"45":{"start":{"line":129,"column":10},"end":{"line":129,"column":10}},"46":{"start":{"line":132,"column":8},"end":{"line":132,"column":8}},"47":{"start":{"line":137,"column":2},"end":{"line":143,"column":3}},"48":{"start":{"line":138,"column":4},"end":{"line":138,"column":4}},"49":{"start":{"line":139,"column":6},"end":{"line":141,"column":7}},"50":{"start":{"line":140,"column":8},"end":{"line":140,"column":8}},"51":{"start":{"line":150,"column":2},"end":{"line":155,"column":3}},"52":{"start":{"line":151,"column":4},"end":{"line":151,"column":4}},"53":{"start":{"line":152,"column":4},"end":{"line":154,"column":5}},"54":{"start":{"line":153,"column":6},"end":{"line":153,"column":6}},"55":{"start":{"line":157,"column":2},"end":{"line":157,"column":2}},"56":{"start":{"line":159,"column":4},"end":{"line":161,"column":5}},"57":{"start":{"line":160,"column":6},"end":{"line":160,"column":6}},"58":{"start":{"line":163,"column":4},"end":{"line":163,"column":4}},"59":{"start":{"line":164,"column":6},"end":{"line":164,"column":6}},"60":{"start":{"line":165,"column":6},"end":{"line":177,"column":7}},"61":{"start":{"line":170,"column":8},"end":{"line":170,"column":8}},"62":{"start":{"line":171,"column":8},"end":{"line":171,"column":8}},"63":{"start":{"line":172,"column":8},"end":{"line":172,"column":8}},"64":{"start":{"line":173,"column":8},"end":{"line":173,"column":8}},"65":{"start":{"line":174,"column":8},"end":{"line":174,"column":8}},"66":{"start":{"line":176,"column":8},"end":{"line":176,"column":8}},"67":{"start":{"line":179,"column":6},"end":{"line":179,"column":6}},"68":{"start":{"line":181,"column":6},"end":{"line":181,"column":6}},"69":{"start":{"line":182,"column":6},"end":{"line":182,"column":6}},"70":{"start":{"line":183,"column":6},"end":{"line":183,"column":6}},"71":{"start":{"line":186,"column":6},"end":{"line":186,"column":6}},"72":{"start":{"line":194,"column":6},"end":{"line":194,"column":6}},"73":{"start":{"line":199,"column":6},"end":{"line":199,"column":6}},"74":{"start":{"line":211,"column":2},"end":{"line":217,"column":3}},"75":{"start":{"line":212,"column":4},"end":{"line":214,"column":5}},"76":{"start":{"line":213,"column":6},"end":{"line":213,"column":6}},"77":{"start":{"line":216,"column":4},"end":{"line":216,"column":4}},"78":{"start":{"line":228,"column":2},"end":{"line":234,"column":3}},"79":{"start":{"line":229,"column":4},"end":{"line":231,"column":5}},"80":{"start":{"line":230,"column":6},"end":{"line":230,"column":6}},"81":{"start":{"line":233,"column":4},"end":{"line":233,"column":4}},"82":{"start":{"line":236,"column":2},"end":{"line":251,"column":3}},"83":{"start":{"line":237,"column":4},"end":{"line":237,"column":4}},"84":{"start":{"line":238,"column":4},"end":{"line":238,"column":4}},"85":{"start":{"line":239,"column":6},"end":{"line":239,"column":6}},"86":{"start":{"line":242,"column":4},"end":{"line":244,"column":5}},"87":{"start":{"line":243,"column":6},"end":{"line":243,"column":6}},"88":{"start":{"line":245,"column":4},"end":{"line":247,"column":5}},"89":{"start":{"line":246,"column":6},"end":{"line":246,"column":6}},"90":{"start":{"line":249,"column":4},"end":{"line":249,"column":4}},"91":{"start":{"line":250,"column":4},"end":{"line":250,"column":4}},"92":{"start":{"line":253,"column":2},"end":{"line":256,"column":3}},"93":{"start":{"line":254,"column":4},"end":{"line":254,"column":4}},"94":{"start":{"line":258,"column":2},"end":{"line":260,"column":3}},"95":{"start":{"line":259,"column":4},"end":{"line":259,"column":4}},"96":{"start":{"line":262,"column":2},"end":{"line":270,"column":3}},"97":{"start":{"line":263,"column":4},"end":{"line":265,"column":5}},"98":{"start":{"line":264,"column":6},"end":{"line":264,"column":6}},"99":{"start":{"line":266,"column":4},"end":{"line":266,"column":4}},"100":{"start":{"line":267,"column":6},"end":{"line":267,"column":6}},"101":{"start":{"line":268,"column":6},"end":{"line":268,"column":6}},"102":{"start":{"line":272,"column":2},"end":{"line":275,"column":3}},"103":{"start":{"line":273,"column":4},"end":{"line":273,"column":4}},"104":{"start":{"line":274,"column":4},"end":{"line":274,"column":4}},"105":{"start":{"line":277,"column":2},"end":{"line":277,"column":2}},"106":{"start":{"line":283,"column":2},"end":{"line":283,"column":2}},"107":{"start":{"line":284,"column":4},"end":{"line":284,"column":4}},"108":{"start":{"line":286,"column":2},"end":{"line":286,"column":2}},"109":{"start":{"line":288,"column":2},"end":{"line":288,"column":2}},"110":{"start":{"line":289,"column":2},"end":{"line":289,"column":2}},"111":{"start":{"line":290,"column":2},"end":{"line":290,"column":2}},"112":{"start":{"line":291,"column":2},"end":{"line":291,"column":2}},"113":{"start":{"line":292,"column":2},"end":{"line":292,"column":2}},"114":{"start":{"line":293,"column":2},"end":{"line":293,"column":2}},"115":{"start":{"line":294,"column":2},"end":{"line":294,"column":2}},"116":{"start":{"line":295,"column":2},"end":{"line":295,"column":2}},"117":{"start":{"line":298,"column":0},"end":{"line":298,"column":0}}},"branchMap":{"1":{"line":55,"type":"switch","locations":[{"start":{"line":57,"column":4},"end":{"line":57,"column":4}},{"start":{"line":58,"column":4},"end":{"line":58,"column":4}},{"start":{"line":59,"column":4},"end":{"line":69,"column":6}},{"start":{"line":70,"column":4},"end":{"line":85,"column":6}}]},"2":{"line":64,"type":"if","locations":[{"start":{"line":65,"column":8},"end":{"line":65,"column":8}},{"start":{"line":65,"column":8},"end":{"line":65,"column":8}}]},"3":{"line":64,"type":"binary-expr","locations":[{"start":{"line":65,"column":12},"end":{"line":65,"column":12}},{"start":{"line":65,"column":49},"end":{"line":65,"column":8}}]},"4":{"line":80,"type":"if","locations":[{"start":{"line":81,"column":8},"end":{"line":81,"column":8}},{"start":{"line":81,"column":8},"end":{"line":81,"column":8}}]},"5":{"line":87,"type":"if","locations":[{"start":{"line":88,"column":4},"end":{"line":88,"column":4}},{"start":{"line":88,"column":4},"end":{"line":88,"column":4}}]},"6":{"line":105,"type":"if","locations":[{"start":{"line":106,"column":4},"end":{"line":106,"column":4}},{"start":{"line":106,"column":4},"end":{"line":106,"column":4}}]},"7":{"line":116,"type":"if","locations":[{"start":{"line":118,"column":6},"end":{"line":118,"column":6}},{"start":{"line":118,"column":6},"end":{"line":118,"column":6}}]},"8":{"line":120,"type":"if","locations":[{"start":{"line":122,"column":6},"end":{"line":122,"column":6}},{"start":{"line":122,"column":6},"end":{"line":122,"column":6}}]},"9":{"line":122,"type":"if","locations":[{"start":{"line":124,"column":13},"end":{"line":124,"column":13}},{"start":{"line":124,"column":13},"end":{"line":124,"column":13}}]},"10":{"line":124,"type":"if","locations":[{"start":{"line":126,"column":13},"end":{"line":126,"column":13}},{"start":{"line":126,"column":13},"end":{"line":126,"column":13}}]},"11":{"line":126,"type":"if","locations":[{"start":{"line":128,"column":8},"end":{"line":128,"column":8}},{"start":{"line":128,"column":8},"end":{"line":128,"column":8}}]},"12":{"line":137,"type":"if","locations":[{"start":{"line":139,"column":6},"end":{"line":139,"column":6}},{"start":{"line":139,"column":6},"end":{"line":139,"column":6}}]},"13":{"line":150,"type":"if","locations":[{"start":{"line":152,"column":4},"end":{"line":152,"column":4}},{"start":{"line":152,"column":4},"end":{"line":152,"column":4}}]},"14":{"line":150,"type":"binary-expr","locations":[{"start":{"line":152,"column":8},"end":{"line":152,"column":8}},{"start":{"line":152,"column":18},"end":{"line":152,"column":4}}]},"15":{"line":157,"type":"if","locations":[{"start":{"line":159,"column":4},"end":{"line":159,"column":4}},{"start":{"line":159,"column":4},"end":{"line":159,"column":4}}]},"16":{"line":163,"type":"if","locations":[{"start":{"line":165,"column":6},"end":{"line":165,"column":6}},{"start":{"line":165,"column":6},"end":{"line":165,"column":6}}]},"17":{"line":210,"type":"if","locations":[{"start":{"line":212,"column":4},"end":{"line":212,"column":4}},{"start":{"line":212,"column":4},"end":{"line":212,"column":4}}]},"18":{"line":227,"type":"if","locations":[{"start":{"line":229,"column":4},"end":{"line":229,"column":4}},{"start":{"line":229,"column":4},"end":{"line":229,"column":4}}]},"19":{"line":240,"type":"if","locations":[{"start":{"line":242,"column":4},"end":{"line":242,"column":4}},{"start":{"line":242,"column":4},"end":{"line":242,"column":4}}]},"20":{"line":243,"type":"if","locations":[{"start":{"line":245,"column":4},"end":{"line":245,"column":4}},{"start":{"line":245,"column":4},"end":{"line":245,"column":4}}]},"21":{"line":260,"type":"if","locations":[{"start":{"line":263,"column":4},"end":{"line":263,"column":4}},{"start":{"line":263,"column":4},"end":{"line":263,"column":4}}]}},"l":{"3":37,"4":37,"6":37,"7":37,"23":1,"26":37,"29":37,"33":37,"47":37,"50":37,"52":1,"53":22,"54":22,"56":22,"60":14,"65":14,"66":13,"69":14,"71":8,"73":8,"81":8,"82":5,"85":8,"88":22,"89":2,"93":1,"94":1,"97":1,"98":0,"105":0,"106":0,"107":0,"112":1,"116":27,"117":27,"118":27,"119":0,"122":27,"123":22,"124":5,"125":1,"126":4,"127":4,"128":4,"129":2,"132":0,"137":1,"138":1,"139":2,"140":2,"150":1,"151":70,"152":70,"153":70,"157":37,"159":36,"160":1,"163":35,"164":35,"165":35,"170":34,"171":34,"172":34,"173":34,"174":34,"176":1,"179":35,"181":35,"182":35,"183":35,"186":35,"194":35,"199":0,"211":1,"212":36,"213":1,"216":35,"228":1,"229":1,"230":1,"233":1,"236":1,"237":5,"238":5,"239":1,"242":5,"243":4,"245":5,"246":1,"249":5,"250":5,"253":1,"254":13,"258":1,"259":5,"262":1,"263":6,"264":6,"266":6,"267":6,"268":6,"272":1,"273":1,"274":1,"277":37,"283":37,"284":111,"286":37,"288":37,"289":37,"290":37,"291":37,"292":37,"293":37,"294":37,"295":37,"298":37}},
"/usr/src/app/src/sidebar/tags.js":{"path":"/usr/src/app/src/sidebar/tags.js","s":{"1":1,"2":5,"3":5,"4":1,"5":2,"6":2,"7":8,"8":1,"9":8,"10":8,"11":8,"12":7,"13":7,"14":1,"15":8,"16":8,"17":38,"18":33,"19":5,"20":8,"21":5,"22":1},"b":{"1":[2,0],"2":[8,0],"3":[7,1],"4":[33,5]},"f":{"1":5,"2":2,"3":8,"4":8,"5":8,"6":38},"fnMap":{"1":{"name":"tags","line":19,"loc":{"start":{"line":18,"column":0},"end":{"line":18,"column":28}}},"2":{"name":"filter","line":29,"loc":{"start":{"line":28,"column":2},"end":{"line":28,"column":25}}},"3":{"name":"(anonymous_3)","line":32,"loc":{"start":{"line":31,"column":28},"end":{"line":31,"column":35}}},"4":{"name":"store","line":43,"loc":{"start":{"line":42,"column":2},"end":{"line":42,"column":23}}},"5":{"name":"(anonymous_5)","line":46,"loc":{"start":{"line":45,"column":17},"end":{"line":45,"column":26}}},"6":{"name":"(anonymous_6)","line":61,"loc":{"start":{"line":60,"column":47},"end":{"line":60,"column":59}}}},"statementMap":{"1":{"start":{"line":18,"column":0},"end":{"line":73,"column":1}},"2":{"start":{"line":19,"column":2},"end":{"line":19,"column":2}},"3":{"start":{"line":20,"column":2},"end":{"line":20,"column":2}},"4":{"start":{"line":28,"column":2},"end":{"line":34,"column":3}},"5":{"start":{"line":29,"column":4},"end":{"line":29,"column":4}},"6":{"start":{"line":31,"column":4},"end":{"line":31,"column":4}},"7":{"start":{"line":32,"column":6},"end":{"line":32,"column":6}},"8":{"start":{"line":42,"column":2},"end":{"line":67,"column":3}},"9":{"start":{"line":44,"column":4},"end":{"line":44,"column":4}},"10":{"start":{"line":45,"column":4},"end":{"line":45,"column":4}},"11":{"start":{"line":46,"column":6},"end":{"line":55,"column":7}},"12":{"start":{"line":47,"column":8},"end":{"line":47,"column":8}},"13":{"start":{"line":48,"column":8},"end":{"line":48,"column":8}},"14":{"start":{"line":50,"column":8},"end":{"line":50,"column":8}},"15":{"start":{"line":57,"column":4},"end":{"line":57,"column":4}},"16":{"start":{"line":60,"column":4},"end":{"line":60,"column":4}},"17":{"start":{"line":61,"column":6},"end":{"line":63,"column":7}},"18":{"start":{"line":62,"column":8},"end":{"line":62,"column":8}},"19":{"start":{"line":64,"column":6},"end":{"line":64,"column":6}},"20":{"start":{"line":66,"column":4},"end":{"line":66,"column":4}},"21":{"start":{"line":69,"column":2},"end":{"line":69,"column":2}},"22":{"start":{"line":75,"column":0},"end":{"line":75,"column":0}}},"branchMap":{"1":{"line":30,"type":"binary-expr","locations":[{"start":{"line":29,"column":20},"end":{"line":29,"column":20}},{"start":{"line":29,"column":61},"end":{"line":29,"column":4}}]},"2":{"line":45,"type":"binary-expr","locations":[{"start":{"line":44,"column":20},"end":{"line":44,"column":20}},{"start":{"line":44,"column":60},"end":{"line":44,"column":4}}]},"3":{"line":47,"type":"if","locations":[{"start":{"line":46,"column":6},"end":{"line":46,"column":6}},{"start":{"line":46,"column":6},"end":{"line":46,"column":6}}]},"4":{"line":62,"type":"if","locations":[{"start":{"line":61,"column":6},"end":{"line":61,"column":6}},{"start":{"line":61,"column":6},"end":{"line":61,"column":6}}]}},"l":{"18":1,"19":5,"20":5,"28":1,"29":2,"31":2,"32":8,"42":1,"44":8,"45":8,"46":8,"47":7,"48":7,"50":1,"57":8,"60":8,"61":38,"62":33,"64":5,"66":8,"69":5,"75":1}}}
